0000001 | 2019-01-13, 14:03:14.444597 [info] - setup logfile using boost...
0000002 | 2019-01-13, 14:03:14.444788 [info] - setup database connection_string using pqxx...
0000003 | 2019-01-13, 14:03:14.444809 [info] - start reading data from json: /home/masoud/Projects/angru/config/config.json
0000004 | 2019-01-13, 14:03:14.445761 [info] - end reading data from json: /home/masoud/Projects/angru/config/config.json
0000005 | 2019-01-13, 14:03:14.445815 [info] - setup datetime and calendar using boost...
0000006 | 2019-01-13, 14:03:14.445842 [info] - set std::locale loc = gen("en-US.UTF-8");
0000007 | 2019-01-13, 14:03:14.447399 [info] - setup HttpClient using pistache...
0000008 | 2019-01-13, 14:03:14.447433 [info] - setup RestServer using pistache...
0000009 | 2019-01-13, 14:03:19.397818 [info] - Opened database successfully: angrudb
0000010 | 2019-01-13, 14:03:19.398019 [info] - Connected to database: angrudb
0000011 | 2019-01-13, 14:03:27.142631 [info] - Opened database successfully: angrudb
0000012 | 2019-01-13, 14:03:27.142817 [info] - Connected to database: angrudb
0000013 | 2019-01-13, 14:03:27.166478 [info] - Opened database successfully: angrudb
0000014 | 2019-01-13, 14:03:27.166627 [info] - Connected to database: angrudb
0000015 | 2019-01-13, 14:03:40.263179 [info] - Opened database successfully: angrudb
0000016 | 2019-01-13, 14:03:40.263335 [info] - Connected to database: angrudb
0000017 | 2019-01-13, 14:03:50.652839 [info] - Opened database successfully: angrudb
0000018 | 2019-01-13, 14:03:50.653006 [info] - Connected to database: angrudb
0000019 | 2019-01-13, 14:04:01.575922 [info] - Opened database successfully: angrudb
0000020 | 2019-01-13, 14:04:01.576053 [info] - Connected to database: angrudb
0000021 | 2019-01-13, 14:04:01.588244 [info] - Opened database successfully: angrudb
0000022 | 2019-01-13, 14:04:01.588352 [info] - Connected to database: angrudb
0000023 | 2019-01-13, 14:04:24.865188 [info] - Opened database successfully: angrudb
0000024 | 2019-01-13, 14:04:24.865333 [info] - Connected to database: angrudb
0000001 | 2019-01-13, 14:16:18.057562 [info] - setup logfile using boost...
0000002 | 2019-01-13, 14:16:18.057865 [info] - setup database connection_string using pqxx...
0000003 | 2019-01-13, 14:16:18.057910 [info] - start reading data from json: /home/masoud/Projects/angru/config/config.json
0000004 | 2019-01-13, 14:16:18.058070 [info] - end reading data from json: /home/masoud/Projects/angru/config/config.json
0000005 | 2019-01-13, 14:16:18.058124 [info] - setup datetime and calendar using boost...
0000006 | 2019-01-13, 14:16:18.058176 [info] - set std::locale loc = gen("en-US.UTF-8");
0000007 | 2019-01-13, 14:16:18.060610 [info] - setup HttpClient using pistache...
0000008 | 2019-01-13, 14:16:18.060671 [info] - setup RestServer using pistache...
0000009 | 2019-01-13, 14:19:31.221691 [info] - Opened database successfully: angrudb
0000010 | 2019-01-13, 14:19:31.221874 [info] - Connected to database: angrudb
0000001 | 2019-01-13, 14:23:25.567578 [info] - setup logfile using boost...
0000002 | 2019-01-13, 14:23:25.567837 [info] - setup database connection_string using pqxx...
0000003 | 2019-01-13, 14:23:25.567871 [info] - start reading data from json: /home/masoud/Projects/angru/config/config.json
0000004 | 2019-01-13, 14:23:25.568000 [info] - end reading data from json: /home/masoud/Projects/angru/config/config.json
0000005 | 2019-01-13, 14:23:25.568037 [info] - setup datetime and calendar using boost...
0000006 | 2019-01-13, 14:23:25.568076 [info] - set std::locale loc = gen("en-US.UTF-8");
0000007 | 2019-01-13, 14:23:25.569740 [info] - setup HttpClient using pistache...
0000008 | 2019-01-13, 14:23:25.569780 [info] - setup RestServer using pistache...
0000009 | 2019-01-13, 14:23:36.031822 [info] - Opened database successfully: angrudb
0000010 | 2019-01-13, 14:23:36.032093 [info] - Connected to database: angrudb
0000011 | 2019-01-13, 14:23:37.924584 [info] - Opened database successfully: angrudb
0000012 | 2019-01-13, 14:23:37.924734 [info] - Connected to database: angrudb
0000001 | 2019-01-13, 14:29:04.166341 [info] - setup logfile using boost...
0000002 | 2019-01-13, 14:29:04.166646 [info] - setup database connection_string using pqxx...
0000003 | 2019-01-13, 14:29:04.166686 [info] - start reading data from json: /home/masoud/Projects/angru/config/config.json
0000004 | 2019-01-13, 14:29:04.166823 [info] - end reading data from json: /home/masoud/Projects/angru/config/config.json
0000005 | 2019-01-13, 14:29:04.166868 [info] - setup datetime and calendar using boost...
0000006 | 2019-01-13, 14:29:04.166910 [info] - set std::locale loc = gen("en-US.UTF-8");
0000007 | 2019-01-13, 14:29:04.168967 [info] - setup HttpClient using pistache...
0000008 | 2019-01-13, 14:29:04.169017 [info] - setup RestServer using pistache...
0000009 | 2019-01-13, 14:31:59.766993 [info] - Opened database successfully: angrudb
0000010 | 2019-01-13, 14:31:59.767310 [info] - Connected to database: angrudb
0000011 | 2019-01-13, 14:37:08.064288 [info] - Opened database successfully: angrudb
0000012 | 2019-01-13, 14:37:08.064519 [info] - Connected to database: angrudb
0000013 | 2019-01-13, 14:37:18.912406 [info] - Opened database successfully: angrudb
0000014 | 2019-01-13, 14:37:18.912623 [info] - Connected to database: angrudb
0000015 | 2019-01-13, 15:12:39.911537 [info] - Opened database successfully: angrudb
0000016 | 2019-01-13, 15:12:39.911702 [info] - Connected to database: angrudb
0000017 | 2019-01-13, 15:13:29.646178 [info] - Opened database successfully: angrudb
0000018 | 2019-01-13, 15:13:29.646311 [info] - Connected to database: angrudb
0000019 | 2019-01-13, 15:14:45.010634 [info] - Opened database successfully: angrudb
0000020 | 2019-01-13, 15:14:45.010798 [info] - Connected to database: angrudb
0000021 | 2019-01-13, 15:15:35.546669 [info] - Opened database successfully: angrudb
0000022 | 2019-01-13, 15:15:35.546827 [info] - Connected to database: angrudb
0000023 | 2019-01-13, 15:21:32.610327 [info] - Opened database successfully: angrudb
0000024 | 2019-01-13, 15:21:32.610572 [info] - Connected to database: angrudb
0000025 | 2019-01-13, 15:22:07.973169 [info] - Opened database successfully: angrudb
0000026 | 2019-01-13, 15:22:07.973349 [info] - Connected to database: angrudb
0000027 | 2019-01-13, 15:24:22.390388 [info] - Opened database successfully: angrudb
0000028 | 2019-01-13, 15:24:22.390530 [info] - Connected to database: angrudb
0000029 | 2019-01-13, 15:25:20.166587 [info] - Opened database successfully: angrudb
0000030 | 2019-01-13, 15:25:20.166759 [info] - Connected to database: angrudb
0000031 | 2019-01-13, 15:27:06.427333 [info] - Opened database successfully: angrudb
0000032 | 2019-01-13, 15:27:06.427496 [info] - Connected to database: angrudb
0000033 | 2019-01-13, 15:30:05.542027 [info] - Opened database successfully: angrudb
0000034 | 2019-01-13, 15:30:05.542144 [info] - Connected to database: angrudb
0000035 | 2019-01-13, 15:31:59.401639 [info] - Opened database successfully: angrudb
0000036 | 2019-01-13, 15:31:59.401855 [info] - Connected to database: angrudb
0000037 | 2019-01-13, 15:35:34.959208 [info] - Opened database successfully: angrudb
0000038 | 2019-01-13, 15:35:34.959390 [info] - Connected to database: angrudb
0000039 | 2019-01-13, 15:36:02.518920 [info] - Opened database successfully: angrudb
0000040 | 2019-01-13, 15:36:02.519100 [info] - Connected to database: angrudb
0000041 | 2019-01-13, 15:45:16.184882 [info] - Opened database successfully: angrudb
0000042 | 2019-01-13, 15:45:16.185041 [info] - Connected to database: angrudb
0000043 | 2019-01-13, 16:01:45.226703 [info] - Opened database successfully: angrudb
0000044 | 2019-01-13, 16:01:45.227160 [info] - Connected to database: angrudb
0000045 | 2019-01-13, 16:02:54.115757 [info] - Opened database successfully: angrudb
0000046 | 2019-01-13, 16:02:54.115939 [info] - Connected to database: angrudb
0000047 | 2019-01-13, 16:10:27.928038 [info] - Opened database successfully: angrudb
0000048 | 2019-01-13, 16:10:27.928205 [info] - Connected to database: angrudb
0000049 | 2019-01-13, 16:11:03.513115 [info] - Opened database successfully: angrudb
0000050 | 2019-01-13, 16:11:03.513298 [info] - Connected to database: angrudb
0000051 | 2019-01-13, 16:11:14.480574 [info] - Opened database successfully: angrudb
0000052 | 2019-01-13, 16:11:14.480815 [info] - Connected to database: angrudb
0000053 | 2019-01-13, 16:11:23.762655 [info] - Opened database successfully: angrudb
0000054 | 2019-01-13, 16:11:23.762886 [info] - Connected to database: angrudb
0000055 | 2019-01-13, 16:11:27.941614 [info] - Opened database successfully: angrudb
0000056 | 2019-01-13, 16:11:27.941812 [info] - Connected to database: angrudb
0000057 | 2019-01-13, 16:12:12.604941 [info] - Opened database successfully: angrudb
0000058 | 2019-01-13, 16:12:12.605121 [info] - Connected to database: angrudb
0000059 | 2019-01-13, 16:12:21.569891 [info] - Opened database successfully: angrudb
0000060 | 2019-01-13, 16:12:21.570071 [info] - Connected to database: angrudb
0000061 | 2019-01-13, 16:29:11.731198 [info] - Opened database successfully: angrudb
0000062 | 2019-01-13, 16:29:11.731333 [info] - Connected to database: angrudb
0000063 | 2019-01-13, 16:56:39.533889 [info] - Opened database successfully: angrudb
0000064 | 2019-01-13, 16:56:39.534082 [info] - Connected to database: angrudb
0000065 | 2019-01-13, 16:56:56.159045 [info] - Opened database successfully: angrudb
0000066 | 2019-01-13, 16:56:56.159199 [info] - Connected to database: angrudb
0000067 | 2019-01-13, 17:01:58.790411 [info] - Opened database successfully: angrudb
0000068 | 2019-01-13, 17:01:58.790614 [info] - Connected to database: angrudb
0000069 | 2019-01-13, 17:13:02.212646 [info] - Opened database successfully: angrudb
0000070 | 2019-01-13, 17:13:02.212793 [info] - Connected to database: angrudb
0000071 | 2019-01-13, 17:15:05.390316 [info] - Opened database successfully: angrudb
0000072 | 2019-01-13, 17:15:05.390493 [info] - Connected to database: angrudb
0000073 | 2019-01-13, 19:43:28.970343 [info] - Opened database successfully: angrudb
0000074 | 2019-01-13, 19:43:28.970496 [info] - Connected to database: angrudb
0000075 | 2019-01-13, 19:53:20.357321 [info] - Opened database successfully: angrudb
0000076 | 2019-01-13, 19:53:20.357458 [info] - Connected to database: angrudb
0000077 | 2019-01-13, 19:55:10.070652 [info] - Opened database successfully: angrudb
0000078 | 2019-01-13, 19:55:10.070827 [info] - Connected to database: angrudb
0000079 | 2019-01-13, 19:55:54.290985 [info] - Opened database successfully: angrudb
0000080 | 2019-01-13, 19:55:54.291176 [info] - Connected to database: angrudb
0000081 | 2019-01-13, 19:56:51.211367 [info] - Opened database successfully: angrudb
0000082 | 2019-01-13, 19:56:51.211607 [info] - Connected to database: angrudb
0000083 | 2019-01-13, 19:57:19.631199 [info] - Opened database successfully: angrudb
0000084 | 2019-01-13, 19:57:19.631340 [info] - Connected to database: angrudb
0000085 | 2019-01-13, 19:59:21.935362 [info] - Opened database successfully: angrudb
0000086 | 2019-01-13, 19:59:21.935557 [info] - Connected to database: angrudb
0000087 | 2019-01-13, 20:12:54.437094 [info] - Opened database successfully: angrudb
0000088 | 2019-01-13, 20:12:54.437264 [info] - Connected to database: angrudb
0000089 | 2019-01-13, 20:14:37.769486 [info] - Opened database successfully: angrudb
0000090 | 2019-01-13, 20:14:37.769641 [info] - Connected to database: angrudb
0000091 | 2019-01-13, 22:14:32.877151 [info] - Opened database successfully: angrudb
0000092 | 2019-01-13, 22:14:32.877313 [info] - Connected to database: angrudb
0000093 | 2019-01-13, 22:23:39.075175 [info] - Opened database successfully: angrudb
0000094 | 2019-01-13, 22:23:39.075330 [info] - Connected to database: angrudb
0000001 | 2019-01-13, 22:36:24.698149 [info] - setup logfile using boost...
0000002 | 2019-01-13, 22:36:24.698313 [info] - setup database connection_string using pqxx...
0000003 | 2019-01-13, 22:36:24.698334 [info] - start reading data from json: /home/masoud/Projects/angru/config/config.json
0000004 | 2019-01-13, 22:36:24.698415 [info] - end reading data from json: /home/masoud/Projects/angru/config/config.json
0000005 | 2019-01-13, 22:36:24.698442 [info] - setup datetime and calendar using boost...
0000006 | 2019-01-13, 22:36:24.698479 [info] - set std::locale loc = gen("en-US.UTF-8");
0000007 | 2019-01-13, 22:36:24.700100 [info] - setup HttpClient using pistache...
0000008 | 2019-01-13, 22:36:24.700143 [info] - setup RestServer using pistache...
0000009 | 2019-01-13, 22:36:39.004004 [info] - Opened database successfully: angrudb
0000010 | 2019-01-13, 22:36:39.004187 [info] - Connected to database: angrudb
0000011 | 2019-01-13, 22:44:11.269931 [info] - Opened database successfully: angrudb
0000012 | 2019-01-13, 22:44:11.270063 [info] - Connected to database: angrudb
0000013 | 2019-01-13, 23:07:10.394809 [info] - Opened database successfully: angrudb
0000014 | 2019-01-13, 23:07:10.394974 [info] - Connected to database: angrudb
0000015 | 2019-01-13, 23:07:10.429324 [info] - Opened database successfully: angrudb
0000016 | 2019-01-13, 23:07:10.429488 [info] - Connected to database: angrudb
0000017 | 2019-01-13, 23:09:20.229642 [info] - Opened database successfully: angrudb
0000018 | 2019-01-13, 23:09:20.229860 [info] - Connected to database: angrudb
0000019 | 2019-01-13, 23:24:00.683308 [info] - Opened database successfully: angrudb
0000020 | 2019-01-13, 23:24:00.683529 [info] - Connected to database: angrudb
0000021 | 2019-01-13, 23:24:25.995132 [info] - Opened database successfully: angrudb
0000022 | 2019-01-13, 23:24:25.995292 [info] - Connected to database: angrudb
0000001 | 2019-01-14, 00:01:59.474451 [info] - setup logfile using boost...
0000002 | 2019-01-14, 00:01:59.474662 [info] - setup database connection_string using pqxx...
0000003 | 2019-01-14, 00:01:59.474689 [info] - start reading data from json: /home/masoud/Projects/angru/config/config.json
0000004 | 2019-01-14, 00:01:59.474796 [info] - end reading data from json: /home/masoud/Projects/angru/config/config.json
0000005 | 2019-01-14, 00:01:59.474830 [info] - setup datetime and calendar using boost...
0000006 | 2019-01-14, 00:01:59.474857 [info] - set std::locale loc = gen("en-US.UTF-8");
0000007 | 2019-01-14, 00:01:59.476301 [info] - setup HttpClient using pistache...
0000008 | 2019-01-14, 00:01:59.476328 [info] - setup RestServer using pistache...
0000009 | 2019-01-14, 00:04:50.332931 [info] - Opened database successfully: angrudb
0000010 | 2019-01-14, 00:04:50.333169 [info] - Connected to database: angrudb
0000011 | 2019-01-14, 00:05:45.017207 [info] - Opened database successfully: angrudb
0000012 | 2019-01-14, 00:05:45.017360 [info] - Connected to database: angrudb
0000013 | 2019-01-14, 00:06:45.250130 [info] - Opened database successfully: angrudb
0000014 | 2019-01-14, 00:06:45.250306 [info] - Connected to database: angrudb
0000015 | 2019-01-14, 00:07:01.961868 [info] - Opened database successfully: angrudb
0000016 | 2019-01-14, 00:07:01.962015 [info] - Connected to database: angrudb
0000017 | 2019-01-14, 00:07:09.839874 [info] - Opened database successfully: angrudb
0000018 | 2019-01-14, 00:07:09.840028 [info] - Connected to database: angrudb
0000019 | 2019-01-14, 00:08:50.687563 [info] - Opened database successfully: angrudb
0000020 | 2019-01-14, 00:08:50.687698 [info] - Connected to database: angrudb
0000021 | 2019-01-14, 00:09:11.602800 [info] - Opened database successfully: angrudb
0000022 | 2019-01-14, 00:09:11.602954 [info] - Connected to database: angrudb
0000023 | 2019-01-14, 00:09:22.898612 [info] - Opened database successfully: angrudb
0000024 | 2019-01-14, 00:09:22.898757 [info] - Connected to database: angrudb
0000025 | 2019-01-14, 00:09:29.618087 [info] - Opened database successfully: angrudb
0000026 | 2019-01-14, 00:09:29.618224 [info] - Connected to database: angrudb
0000027 | 2019-01-14, 00:09:30.632878 [info] - Opened database successfully: angrudb
0000028 | 2019-01-14, 00:09:30.632998 [info] - Connected to database: angrudb
0000029 | 2019-01-14, 00:28:03.446205 [info] - Opened database successfully: angrudb
0000030 | 2019-01-14, 00:28:03.446355 [info] - Connected to database: angrudb
0000031 | 2019-01-14, 00:32:07.994131 [info] - Opened database successfully: angrudb
0000032 | 2019-01-14, 00:32:07.994241 [info] - Connected to database: angrudb
0000033 | 2019-01-14, 00:33:07.411933 [info] - Opened database successfully: angrudb
0000034 | 2019-01-14, 00:33:07.412120 [info] - Connected to database: angrudb
0000001 | 2019-01-14, 01:11:49.249739 [info] - setup logfile using boost...
0000002 | 2019-01-14, 01:11:49.249898 [info] - setup database connection_string using pqxx...
0000003 | 2019-01-14, 01:11:49.249919 [info] - start reading data from json: /home/masoud/Projects/angru/config/config.json
0000004 | 2019-01-14, 01:11:49.249996 [info] - end reading data from json: /home/masoud/Projects/angru/config/config.json
0000005 | 2019-01-14, 01:11:49.250023 [info] - setup datetime and calendar using boost...
0000006 | 2019-01-14, 01:11:49.250048 [info] - set std::locale loc = gen("en-US.UTF-8");
0000007 | 2019-01-14, 01:11:49.251413 [info] - setup HttpClient using pistache...
0000008 | 2019-01-14, 01:11:49.251438 [info] - setup RestServer using pistache...
0000009 | 2019-01-14, 01:16:25.909000 [info] - Opened database successfully: angrudb
0000010 | 2019-01-14, 01:16:25.909233 [info] - Connected to database: angrudb
0000011 | 2019-01-14, 01:16:38.971118 [info] - Opened database successfully: angrudb
0000012 | 2019-01-14, 01:16:38.971376 [info] - Connected to database: angrudb
0000013 | 2019-01-14, 01:16:43.945822 [info] - Opened database successfully: angrudb
0000014 | 2019-01-14, 01:16:43.945960 [info] - Connected to database: angrudb
0000001 | 2019-01-15, 17:02:35.573665 [info] - setup logfile using boost...
0000002 | 2019-01-15, 17:02:35.573855 [info] - setup database connection_string using pqxx...
0000003 | 2019-01-15, 17:02:35.573882 [info] - start reading data from json: /home/masoud/Projects/angru/config/config.json
0000004 | 2019-01-15, 17:02:35.573981 [info] - end reading data from json: /home/masoud/Projects/angru/config/config.json
0000005 | 2019-01-15, 17:02:35.574016 [info] - setup datetime and calendar using boost...
0000006 | 2019-01-15, 17:02:35.574046 [info] - set std::locale loc = gen("en-US.UTF-8");
0000007 | 2019-01-15, 17:02:35.575271 [info] - setup HttpClient using pistache...
0000008 | 2019-01-15, 17:02:35.575307 [info] - setup RestServer using pistache...
0000009 | 2019-01-15, 17:02:43.206340 [info] - Opened database successfully: angrudb
0000010 | 2019-01-15, 17:02:43.207367 [info] - Connected to database: angrudb
0000011 | 2019-01-15, 17:02:43.231730 [info] - Opened database successfully: angrudb
0000012 | 2019-01-15, 17:02:43.231890 [info] - Connected to database: angrudb
0000013 | 2019-01-15, 17:03:08.203428 [info] - Opened database successfully: angrudb
0000014 | 2019-01-15, 17:03:08.203627 [info] - Connected to database: angrudb
0000015 | 2019-01-15, 17:03:08.219596 [info] - Opened database successfully: angrudb
0000016 | 2019-01-15, 17:03:08.219736 [info] - Connected to database: angrudb
0000017 | 2019-01-15, 17:03:16.485948 [info] - Opened database successfully: angrudb
0000018 | 2019-01-15, 17:03:16.486095 [info] - Connected to database: angrudb
0000019 | 2019-01-15, 17:03:16.517008 [info] - Opened database successfully: angrudb
0000020 | 2019-01-15, 17:03:16.517165 [info] - Connected to database: angrudb
0000021 | 2019-01-15, 17:03:58.378505 [info] - Opened database successfully: angrudb
0000022 | 2019-01-15, 17:03:58.378680 [info] - Connected to database: angrudb
0000023 | 2019-01-15, 17:03:58.395230 [info] - Opened database successfully: angrudb
0000024 | 2019-01-15, 17:03:58.395368 [info] - Connected to database: angrudb
0000025 | 2019-01-15, 17:04:22.606975 [info] - Opened database successfully: angrudb
0000026 | 2019-01-15, 17:04:22.607130 [info] - Connected to database: angrudb
0000027 | 2019-01-15, 17:04:22.620445 [info] - Opened database successfully: angrudb
0000028 | 2019-01-15, 17:04:22.620573 [info] - Connected to database: angrudb
0000029 | 2019-01-15, 17:04:26.542836 [info] - Opened database successfully: angrudb
0000030 | 2019-01-15, 17:04:26.543002 [info] - Connected to database: angrudb
0000031 | 2019-01-15, 17:04:26.571513 [info] - Opened database successfully: angrudb
0000032 | 2019-01-15, 17:04:26.571702 [info] - Connected to database: angrudb
0000033 | 2019-01-15, 17:06:53.884660 [info] - Opened database successfully: angrudb
0000034 | 2019-01-15, 17:06:53.884789 [info] - Connected to database: angrudb
0000035 | 2019-01-15, 17:06:53.897893 [info] - Opened database successfully: angrudb
0000036 | 2019-01-15, 17:06:53.897999 [info] - Connected to database: angrudb
0000037 | 2019-01-15, 17:07:06.153213 [info] - Opened database successfully: angrudb
0000038 | 2019-01-15, 17:07:06.153381 [info] - Connected to database: angrudb
0000039 | 2019-01-15, 17:07:06.168451 [info] - Opened database successfully: angrudb
0000040 | 2019-01-15, 17:07:06.168603 [info] - Connected to database: angrudb
0000041 | 2019-01-15, 17:09:27.442883 [info] - Opened database successfully: angrudb
0000042 | 2019-01-15, 17:09:27.443032 [info] - Connected to database: angrudb
0000043 | 2019-01-15, 17:09:27.456963 [info] - Opened database successfully: angrudb
0000044 | 2019-01-15, 17:09:27.457088 [info] - Connected to database: angrudb
0000045 | 2019-01-15, 17:09:33.165606 [info] - Opened database successfully: angrudb
0000046 | 2019-01-15, 17:09:33.165785 [info] - Connected to database: angrudb
0000047 | 2019-01-15, 17:09:33.180270 [info] - Opened database successfully: angrudb
0000048 | 2019-01-15, 17:09:33.180402 [info] - Connected to database: angrudb
0000049 | 2019-01-15, 17:09:51.762610 [info] - Opened database successfully: angrudb
0000050 | 2019-01-15, 17:09:51.762792 [info] - Connected to database: angrudb
0000051 | 2019-01-15, 17:09:55.589097 [info] - Opened database successfully: angrudb
0000052 | 2019-01-15, 17:09:55.589258 [info] - Connected to database: angrudb
0000053 | 2019-01-15, 17:09:55.603854 [info] - Opened database successfully: angrudb
0000054 | 2019-01-15, 17:09:55.603994 [info] - Connected to database: angrudb
0000055 | 2019-01-15, 23:14:32.120370 [info] - Opened database successfully: angrudb
0000056 | 2019-01-15, 23:14:32.120495 [info] - Connected to database: angrudb
0000057 | 2019-01-15, 23:14:32.131381 [info] - Opened database successfully: angrudb
0000058 | 2019-01-15, 23:14:32.131502 [info] - Connected to database: angrudb
0000059 | 2019-01-15, 23:14:34.643898 [info] - Opened database successfully: angrudb
0000060 | 2019-01-15, 23:14:34.644034 [info] - Connected to database: angrudb
0000061 | 2019-01-15, 23:14:34.659995 [info] - Opened database successfully: angrudb
0000062 | 2019-01-15, 23:14:34.660165 [info] - Connected to database: angrudb
0000063 | 2019-01-15, 23:14:40.198974 [info] - Opened database successfully: angrudb
0000064 | 2019-01-15, 23:14:40.199137 [info] - Connected to database: angrudb
0000065 | 2019-01-15, 23:14:40.210820 [info] - Opened database successfully: angrudb
0000066 | 2019-01-15, 23:14:40.210986 [info] - Connected to database: angrudb
0000067 | 2019-01-15, 23:55:33.448390 [info] - Opened database successfully: angrudb
0000068 | 2019-01-15, 23:55:33.448504 [info] - Connected to database: angrudb
0000069 | 2019-01-15, 23:55:33.461765 [info] - Opened database successfully: angrudb
0000070 | 2019-01-15, 23:55:33.461917 [info] - Connected to database: angrudb
0000071 | 2019-01-16, 00:17:04.315479 [info] - Opened database successfully: angrudb
0000072 | 2019-01-16, 00:17:04.315642 [info] - Connected to database: angrudb
0000073 | 2019-01-16, 00:17:04.326929 [info] - Opened database successfully: angrudb
0000074 | 2019-01-16, 00:17:04.327054 [info] - Connected to database: angrudb
0000075 | 2019-01-16, 00:17:41.519716 [info] - Opened database successfully: angrudb
0000076 | 2019-01-16, 00:17:41.519859 [info] - Connected to database: angrudb
0000077 | 2019-01-16, 00:17:41.533627 [info] - Opened database successfully: angrudb
0000078 | 2019-01-16, 00:17:41.533766 [info] - Connected to database: angrudb
0000079 | 2019-01-16, 00:18:39.163584 [info] - Opened database successfully: angrudb
0000080 | 2019-01-16, 00:18:39.163714 [info] - Connected to database: angrudb
0000081 | 2019-01-16, 00:18:39.176085 [info] - Opened database successfully: angrudb
0000082 | 2019-01-16, 00:18:39.176256 [info] - Connected to database: angrudb
0000083 | 2019-01-16, 00:19:25.749828 [info] - Opened database successfully: angrudb
0000084 | 2019-01-16, 00:19:25.749994 [info] - Connected to database: angrudb
0000085 | 2019-01-16, 00:19:25.767634 [info] - Opened database successfully: angrudb
0000086 | 2019-01-16, 00:19:25.767775 [info] - Connected to database: angrudb
0000087 | 2019-01-16, 00:23:39.071664 [info] - Opened database successfully: angrudb
0000088 | 2019-01-16, 00:23:39.071820 [info] - Connected to database: angrudb
0000089 | 2019-01-16, 00:23:39.087504 [info] - Opened database successfully: angrudb
0000090 | 2019-01-16, 00:23:39.087645 [info] - Connected to database: angrudb
0000091 | 2019-01-16, 00:23:45.197238 [info] - Opened database successfully: angrudb
0000092 | 2019-01-16, 00:23:45.197377 [info] - Connected to database: angrudb
0000093 | 2019-01-16, 00:23:45.212806 [info] - Opened database successfully: angrudb
0000094 | 2019-01-16, 00:23:45.212945 [info] - Connected to database: angrudb
0000095 | 2019-01-16, 00:26:10.732161 [info] - Opened database successfully: angrudb
0000096 | 2019-01-16, 00:26:10.732298 [info] - Connected to database: angrudb
0000097 | 2019-01-16, 00:26:14.428586 [info] - Opened database successfully: angrudb
0000098 | 2019-01-16, 00:26:14.428712 [info] - Connected to database: angrudb
0000099 | 2019-01-16, 00:26:16.055275 [info] - Opened database successfully: angrudb
0000100 | 2019-01-16, 00:26:16.055423 [info] - Connected to database: angrudb
0000101 | 2019-01-16, 00:26:16.072614 [info] - Opened database successfully: angrudb
0000102 | 2019-01-16, 00:26:16.072767 [info] - Connected to database: angrudb
0000103 | 2019-01-16, 00:26:16.804579 [info] - Opened database successfully: angrudb
0000104 | 2019-01-16, 00:26:16.804688 [info] - Connected to database: angrudb
0000105 | 2019-01-16, 00:26:54.141259 [info] - Opened database successfully: angrudb
0000106 | 2019-01-16, 00:26:54.141471 [info] - Connected to database: angrudb
0000107 | 2019-01-16, 00:27:29.589851 [info] - Opened database successfully: angrudb
0000108 | 2019-01-16, 00:27:29.589969 [info] - Connected to database: angrudb
0000109 | 2019-01-16, 00:27:41.071777 [info] - Opened database successfully: angrudb
0000110 | 2019-01-16, 00:27:41.071916 [info] - Connected to database: angrudb
0000111 | 2019-01-16, 00:29:22.711868 [info] - Opened database successfully: angrudb
0000112 | 2019-01-16, 00:29:22.712029 [info] - Connected to database: angrudb
0000113 | 2019-01-16, 00:29:28.819565 [info] - Opened database successfully: angrudb
0000114 | 2019-01-16, 00:29:28.819708 [info] - Connected to database: angrudb
0000115 | 2019-01-16, 00:29:28.830928 [info] - Opened database successfully: angrudb
0000116 | 2019-01-16, 00:29:28.831083 [info] - Connected to database: angrudb
0000117 | 2019-01-16, 00:29:29.799081 [info] - Opened database successfully: angrudb
0000118 | 2019-01-16, 00:29:29.799221 [info] - Connected to database: angrudb
0000119 | 2019-01-16, 00:29:47.680255 [info] - Opened database successfully: angrudb
0000120 | 2019-01-16, 00:29:47.680409 [info] - Connected to database: angrudb
0000121 | 2019-01-16, 00:30:37.155286 [info] - Opened database successfully: angrudb
0000122 | 2019-01-16, 00:30:37.155413 [info] - Connected to database: angrudb
0000123 | 2019-01-16, 00:30:58.301925 [info] - Opened database successfully: angrudb
0000124 | 2019-01-16, 00:30:58.302059 [info] - Connected to database: angrudb
0000125 | 2019-01-16, 00:31:58.351006 [info] - Opened database successfully: angrudb
0000126 | 2019-01-16, 00:31:58.351143 [info] - Connected to database: angrudb
0000127 | 2019-01-16, 00:33:17.012691 [info] - Opened database successfully: angrudb
0000128 | 2019-01-16, 00:33:17.012838 [info] - Connected to database: angrudb
0000129 | 2019-01-16, 00:33:47.323112 [info] - Opened database successfully: angrudb
0000130 | 2019-01-16, 00:33:47.323405 [info] - Connected to database: angrudb
0000131 | 2019-01-16, 00:36:48.370932 [info] - Opened database successfully: angrudb
0000132 | 2019-01-16, 00:36:48.371073 [info] - Connected to database: angrudb
0000133 | 2019-01-16, 00:36:48.384567 [info] - Opened database successfully: angrudb
0000134 | 2019-01-16, 00:36:48.384690 [info] - Connected to database: angrudb
0000135 | 2019-01-16, 00:37:48.941077 [info] - Opened database successfully: angrudb
0000136 | 2019-01-16, 00:37:48.941279 [info] - Connected to database: angrudb
0000137 | 2019-01-16, 00:37:48.960042 [info] - Opened database successfully: angrudb
0000138 | 2019-01-16, 00:37:48.960198 [info] - Connected to database: angrudb
0000139 | 2019-01-16, 00:38:24.018378 [info] - Opened database successfully: angrudb
0000140 | 2019-01-16, 00:38:24.018521 [info] - Connected to database: angrudb
0000141 | 2019-01-16, 00:38:24.032249 [info] - Opened database successfully: angrudb
0000142 | 2019-01-16, 00:38:24.032368 [info] - Connected to database: angrudb
0000143 | 2019-01-16, 00:39:13.550095 [info] - Opened database successfully: angrudb
0000144 | 2019-01-16, 00:39:13.550323 [info] - Connected to database: angrudb
0000145 | 2019-01-16, 00:39:13.569887 [info] - Opened database successfully: angrudb
0000146 | 2019-01-16, 00:39:13.570027 [info] - Connected to database: angrudb
0000147 | 2019-01-16, 00:39:54.445219 [info] - Opened database successfully: angrudb
0000148 | 2019-01-16, 00:39:54.445377 [info] - Connected to database: angrudb
0000149 | 2019-01-16, 00:39:54.463660 [info] - Opened database successfully: angrudb
0000150 | 2019-01-16, 00:39:54.463801 [info] - Connected to database: angrudb
0000151 | 2019-01-16, 00:40:54.242844 [info] - Opened database successfully: angrudb
0000152 | 2019-01-16, 00:40:54.242995 [info] - Connected to database: angrudb
0000153 | 2019-01-16, 00:41:41.168005 [info] - Opened database successfully: angrudb
0000154 | 2019-01-16, 00:41:41.168178 [info] - Connected to database: angrudb
0000155 | 2019-01-16, 00:42:04.030936 [info] - Opened database successfully: angrudb
0000156 | 2019-01-16, 00:42:04.031100 [info] - Connected to database: angrudb
0000157 | 2019-01-16, 00:42:58.925862 [info] - Opened database successfully: angrudb
0000158 | 2019-01-16, 00:42:58.926021 [info] - Connected to database: angrudb
0000159 | 2019-01-16, 00:44:42.658465 [info] - Opened database successfully: angrudb
0000160 | 2019-01-16, 00:44:42.658666 [info] - Connected to database: angrudb
0000161 | 2019-01-16, 00:44:42.678094 [info] - Opened database successfully: angrudb
0000162 | 2019-01-16, 00:44:42.678237 [info] - Connected to database: angrudb
0000163 | 2019-01-16, 00:45:33.644137 [info] - Opened database successfully: angrudb
0000164 | 2019-01-16, 00:45:33.644300 [info] - Connected to database: angrudb
0000165 | 2019-01-16, 00:46:07.956612 [info] - Opened database successfully: angrudb
0000166 | 2019-01-16, 00:46:07.956842 [info] - Connected to database: angrudb
0000167 | 2019-01-16, 00:46:07.974473 [info] - Opened database successfully: angrudb
0000168 | 2019-01-16, 00:46:07.974727 [info] - Connected to database: angrudb
0000169 | 2019-01-16, 00:51:43.936346 [info] - Opened database successfully: angrudb
0000170 | 2019-01-16, 00:51:43.936500 [info] - Connected to database: angrudb
0000171 | 2019-01-16, 00:52:00.513374 [info] - Opened database successfully: angrudb
0000172 | 2019-01-16, 00:52:00.513495 [info] - Connected to database: angrudb
0000173 | 2019-01-16, 00:52:00.524718 [info] - Opened database successfully: angrudb
0000174 | 2019-01-16, 00:52:00.524864 [info] - Connected to database: angrudb
0000175 | 2019-01-16, 00:52:02.052906 [info] - Opened database successfully: angrudb
0000176 | 2019-01-16, 00:52:02.053035 [info] - Connected to database: angrudb
0000177 | 2019-01-16, 00:52:06.697050 [info] - Opened database successfully: angrudb
0000178 | 2019-01-16, 00:52:06.697158 [info] - Connected to database: angrudb
0000179 | 2019-01-16, 00:52:06.707507 [info] - Opened database successfully: angrudb
0000180 | 2019-01-16, 00:52:06.707609 [info] - Connected to database: angrudb
0000181 | 2019-01-16, 00:52:08.056530 [info] - Opened database successfully: angrudb
0000182 | 2019-01-16, 00:52:08.056634 [info] - Connected to database: angrudb
0000183 | 2019-01-16, 00:52:27.655547 [info] - Opened database successfully: angrudb
0000184 | 2019-01-16, 00:52:27.655691 [info] - Connected to database: angrudb
0000185 | 2019-01-16, 00:52:27.669214 [info] - Opened database successfully: angrudb
0000186 | 2019-01-16, 00:52:27.669363 [info] - Connected to database: angrudb
0000187 | 2019-01-16, 00:52:29.227233 [info] - Opened database successfully: angrudb
0000188 | 2019-01-16, 00:52:29.227356 [info] - Connected to database: angrudb
0000189 | 2019-01-16, 00:52:32.399169 [info] - Opened database successfully: angrudb
0000190 | 2019-01-16, 00:52:32.399323 [info] - Connected to database: angrudb
0000191 | 2019-01-16, 00:52:34.225636 [info] - Opened database successfully: angrudb
0000192 | 2019-01-16, 00:52:34.225769 [info] - Connected to database: angrudb
0000193 | 2019-01-16, 00:52:34.236323 [info] - Opened database successfully: angrudb
0000194 | 2019-01-16, 00:52:34.236422 [info] - Connected to database: angrudb
0000195 | 2019-01-16, 00:52:35.201045 [info] - Opened database successfully: angrudb
0000196 | 2019-01-16, 00:52:35.201186 [info] - Connected to database: angrudb
0000197 | 2019-01-16, 00:53:22.842155 [info] - Opened database successfully: angrudb
0000198 | 2019-01-16, 00:53:22.842298 [info] - Connected to database: angrudb
0000199 | 2019-01-16, 00:53:39.341510 [info] - Opened database successfully: angrudb
0000200 | 2019-01-16, 00:53:39.341643 [info] - Connected to database: angrudb
0000201 | 2019-01-16, 00:54:05.514473 [info] - Opened database successfully: angrudb
0000202 | 2019-01-16, 00:54:05.514620 [info] - Connected to database: angrudb
0000203 | 2019-01-16, 00:54:44.708885 [info] - Opened database successfully: angrudb
0000204 | 2019-01-16, 00:54:44.709037 [info] - Connected to database: angrudb
0000205 | 2019-01-16, 00:55:27.563260 [info] - Opened database successfully: angrudb
0000206 | 2019-01-16, 00:55:27.563534 [info] - Connected to database: angrudb
0000207 | 2019-01-16, 00:55:27.582615 [info] - Opened database successfully: angrudb
0000208 | 2019-01-16, 00:55:27.582758 [info] - Connected to database: angrudb
0000209 | 2019-01-16, 00:55:36.195382 [info] - Opened database successfully: angrudb
0000210 | 2019-01-16, 00:55:36.195638 [info] - Connected to database: angrudb
0000211 | 2019-01-16, 00:56:17.781431 [info] - Opened database successfully: angrudb
0000212 | 2019-01-16, 00:56:17.781602 [info] - Connected to database: angrudb
0000213 | 2019-01-16, 00:57:07.702764 [info] - Opened database successfully: angrudb
0000214 | 2019-01-16, 00:57:07.702921 [info] - Connected to database: angrudb
0000215 | 2019-01-16, 00:58:40.757321 [info] - Opened database successfully: angrudb
0000216 | 2019-01-16, 00:58:40.757469 [info] - Connected to database: angrudb
0000217 | 2019-01-16, 00:59:34.556769 [info] - Opened database successfully: angrudb
0000218 | 2019-01-16, 00:59:34.556934 [info] - Connected to database: angrudb
0000219 | 2019-01-16, 00:59:38.457854 [info] - Opened database successfully: angrudb
0000220 | 2019-01-16, 00:59:38.458005 [info] - Connected to database: angrudb
0000221 | 2019-01-16, 00:59:38.477085 [info] - Opened database successfully: angrudb
0000222 | 2019-01-16, 00:59:38.477253 [info] - Connected to database: angrudb
0000223 | 2019-01-16, 00:59:40.106316 [info] - Opened database successfully: angrudb
0000224 | 2019-01-16, 00:59:40.106471 [info] - Connected to database: angrudb
0000225 | 2019-01-16, 00:59:54.500459 [info] - Opened database successfully: angrudb
0000226 | 2019-01-16, 00:59:54.500607 [info] - Connected to database: angrudb
0000227 | 2019-01-16, 01:11:43.072849 [info] - Opened database successfully: angrudb
0000228 | 2019-01-16, 01:11:43.073052 [info] - Connected to database: angrudb
0000229 | 2019-01-16, 01:13:05.074767 [info] - Opened database successfully: angrudb
0000230 | 2019-01-16, 01:13:05.074903 [info] - Connected to database: angrudb
0000231 | 2019-01-16, 01:13:11.084399 [info] - Opened database successfully: angrudb
0000232 | 2019-01-16, 01:13:11.084566 [info] - Connected to database: angrudb
0000233 | 2019-01-16, 01:13:54.404477 [info] - Opened database successfully: angrudb
0000234 | 2019-01-16, 01:13:54.404616 [info] - Connected to database: angrudb
0000235 | 2019-01-16, 01:18:10.737298 [info] - Opened database successfully: angrudb
0000236 | 2019-01-16, 01:18:10.737453 [info] - Connected to database: angrudb
0000237 | 2019-01-16, 01:18:10.751474 [info] - Opened database successfully: angrudb
0000238 | 2019-01-16, 01:18:10.751614 [info] - Connected to database: angrudb
0000239 | 2019-01-16, 01:18:31.714953 [info] - Opened database successfully: angrudb
0000240 | 2019-01-16, 01:18:31.715125 [info] - Connected to database: angrudb
0000241 | 2019-01-16, 01:18:31.728455 [info] - Opened database successfully: angrudb
0000242 | 2019-01-16, 01:18:31.728600 [info] - Connected to database: angrudb
0000243 | 2019-01-16, 01:19:31.328811 [info] - Opened database successfully: angrudb
0000244 | 2019-01-16, 01:19:31.328953 [info] - Connected to database: angrudb
0000245 | 2019-01-16, 01:19:31.344782 [info] - Opened database successfully: angrudb
0000246 | 2019-01-16, 01:19:31.344914 [info] - Connected to database: angrudb
0000247 | 2019-01-16, 01:19:54.454985 [info] - Opened database successfully: angrudb
0000248 | 2019-01-16, 01:19:54.455158 [info] - Connected to database: angrudb
0000249 | 2019-01-16, 01:20:28.846713 [info] - Opened database successfully: angrudb
0000250 | 2019-01-16, 01:20:28.846865 [info] - Connected to database: angrudb
0000251 | 2019-01-16, 01:20:58.969255 [info] - Opened database successfully: angrudb
0000252 | 2019-01-16, 01:20:58.969509 [info] - Connected to database: angrudb
0000253 | 2019-01-16, 01:21:20.947103 [info] - Opened database successfully: angrudb
0000254 | 2019-01-16, 01:21:20.947276 [info] - Connected to database: angrudb
0000255 | 2019-01-16, 01:23:10.795019 [info] - Opened database successfully: angrudb
0000256 | 2019-01-16, 01:23:10.795212 [info] - Connected to database: angrudb
0000257 | 2019-01-16, 01:23:10.808939 [info] - Opened database successfully: angrudb
0000258 | 2019-01-16, 01:23:10.809092 [info] - Connected to database: angrudb
0000259 | 2019-01-16, 01:24:02.445441 [info] - Opened database successfully: angrudb
0000260 | 2019-01-16, 01:24:02.445602 [info] - Connected to database: angrudb
0000261 | 2019-01-16, 01:25:46.899612 [info] - Opened database successfully: angrudb
0000262 | 2019-01-16, 01:25:46.899758 [info] - Connected to database: angrudb
0000263 | 2019-01-16, 01:26:19.424201 [info] - Opened database successfully: angrudb
0000264 | 2019-01-16, 01:26:19.424363 [info] - Connected to database: angrudb
0000265 | 2019-01-16, 01:28:53.975698 [info] - Opened database successfully: angrudb
0000266 | 2019-01-16, 01:28:53.975862 [info] - Connected to database: angrudb
0000267 | 2019-01-16, 01:29:03.956712 [info] - Opened database successfully: angrudb
0000268 | 2019-01-16, 01:29:03.956868 [info] - Connected to database: angrudb
0000269 | 2019-01-16, 01:29:03.970734 [info] - Opened database successfully: angrudb
0000270 | 2019-01-16, 01:29:03.970887 [info] - Connected to database: angrudb
0000271 | 2019-01-16, 01:29:05.090190 [info] - Opened database successfully: angrudb
0000272 | 2019-01-16, 01:29:05.090345 [info] - Connected to database: angrudb
0000273 | 2019-01-16, 01:30:38.083969 [info] - Opened database successfully: angrudb
0000274 | 2019-01-16, 01:30:38.084211 [info] - Connected to database: angrudb
0000275 | 2019-01-16, 01:31:43.542015 [info] - Opened database successfully: angrudb
0000276 | 2019-01-16, 01:31:43.542182 [info] - Connected to database: angrudb
0000277 | 2019-01-16, 01:31:43.567677 [info] - Opened database successfully: angrudb
0000278 | 2019-01-16, 01:31:43.567809 [info] - Connected to database: angrudb
0000279 | 2019-01-16, 01:32:04.683248 [info] - Opened database successfully: angrudb
0000280 | 2019-01-16, 01:32:04.683403 [info] - Connected to database: angrudb
0000281 | 2019-01-16, 01:34:22.027361 [info] - Opened database successfully: angrudb
0000282 | 2019-01-16, 01:34:22.027512 [info] - Connected to database: angrudb
0000283 | 2019-01-16, 01:34:22.051568 [info] - Opened database successfully: angrudb
0000284 | 2019-01-16, 01:34:22.052002 [info] - Connected to database: angrudb
0000285 | 2019-01-16, 01:36:06.330566 [info] - Opened database successfully: angrudb
0000286 | 2019-01-16, 01:36:06.330811 [info] - Connected to database: angrudb
0000287 | 2019-01-16, 01:36:06.346400 [info] - Opened database successfully: angrudb
0000288 | 2019-01-16, 01:36:06.346565 [info] - Connected to database: angrudb
0000289 | 2019-01-16, 01:37:04.691322 [info] - Opened database successfully: angrudb
0000290 | 2019-01-16, 01:37:04.691473 [info] - Connected to database: angrudb
0000291 | 2019-01-16, 01:37:04.706947 [info] - Opened database successfully: angrudb
0000292 | 2019-01-16, 01:37:04.707079 [info] - Connected to database: angrudb
0000293 | 2019-01-16, 01:37:15.898981 [info] - Opened database successfully: angrudb
0000294 | 2019-01-16, 01:37:15.899132 [info] - Connected to database: angrudb
0000295 | 2019-01-16, 01:37:15.914846 [info] - Opened database successfully: angrudb
0000296 | 2019-01-16, 01:37:15.915086 [info] - Connected to database: angrudb
0000297 | 2019-01-16, 01:40:21.771001 [info] - Opened database successfully: angrudb
0000298 | 2019-01-16, 01:40:21.771153 [info] - Connected to database: angrudb
0000299 | 2019-01-16, 01:43:27.666985 [info] - Opened database successfully: angrudb
0000300 | 2019-01-16, 01:43:27.667123 [info] - Connected to database: angrudb
0000301 | 2019-01-16, 01:43:27.687225 [info] - Opened database successfully: angrudb
0000302 | 2019-01-16, 01:43:27.687366 [info] - Connected to database: angrudb
0000303 | 2019-01-16, 01:43:32.384795 [info] - Opened database successfully: angrudb
0000304 | 2019-01-16, 01:43:32.384946 [info] - Connected to database: angrudb
0000305 | 2019-01-16, 01:43:32.400438 [info] - Opened database successfully: angrudb
0000306 | 2019-01-16, 01:43:32.400570 [info] - Connected to database: angrudb
0000307 | 2019-01-16, 01:44:09.783897 [info] - Opened database successfully: angrudb
0000308 | 2019-01-16, 01:44:09.784125 [info] - Connected to database: angrudb
0000309 | 2019-01-16, 01:44:09.801278 [info] - Opened database successfully: angrudb
0000310 | 2019-01-16, 01:44:09.801409 [info] - Connected to database: angrudb
0000311 | 2019-01-16, 01:45:18.264139 [info] - Opened database successfully: angrudb
0000312 | 2019-01-16, 01:45:18.264289 [info] - Connected to database: angrudb
0000313 | 2019-01-16, 01:45:18.278843 [info] - Opened database successfully: angrudb
0000314 | 2019-01-16, 01:45:18.278962 [info] - Connected to database: angrudb
0000315 | 2019-01-16, 01:49:07.271319 [info] - Opened database successfully: angrudb
0000316 | 2019-01-16, 01:49:07.271475 [info] - Connected to database: angrudb
0000317 | 2019-01-16, 01:49:07.291504 [info] - Opened database successfully: angrudb
0000318 | 2019-01-16, 01:49:07.291627 [info] - Connected to database: angrudb
0000319 | 2019-01-16, 01:53:15.479623 [info] - Opened database successfully: angrudb
0000320 | 2019-01-16, 01:53:15.479779 [info] - Connected to database: angrudb
0000321 | 2019-01-16, 01:53:15.496578 [info] - Opened database successfully: angrudb
0000322 | 2019-01-16, 01:53:15.496706 [info] - Connected to database: angrudb
0000323 | 2019-01-16, 01:54:25.961961 [info] - Opened database successfully: angrudb
0000324 | 2019-01-16, 01:54:25.962131 [info] - Connected to database: angrudb
0000325 | 2019-01-16, 01:54:25.975806 [info] - Opened database successfully: angrudb
0000326 | 2019-01-16, 01:54:25.975950 [info] - Connected to database: angrudb
0000327 | 2019-01-16, 01:54:55.256450 [info] - Opened database successfully: angrudb
0000328 | 2019-01-16, 01:54:55.256575 [info] - Connected to database: angrudb
0000329 | 2019-01-16, 02:01:40.860652 [info] - Opened database successfully: angrudb
0000330 | 2019-01-16, 02:01:40.861472 [info] - Connected to database: angrudb
0000331 | 2019-01-16, 02:01:40.877902 [info] - Opened database successfully: angrudb
0000332 | 2019-01-16, 02:01:40.878042 [info] - Connected to database: angrudb
0000333 | 2019-01-16, 02:02:27.016362 [info] - Opened database successfully: angrudb
0000334 | 2019-01-16, 02:02:27.016750 [info] - Connected to database: angrudb
0000335 | 2019-01-16, 02:02:27.034726 [info] - Opened database successfully: angrudb
0000336 | 2019-01-16, 02:02:27.034912 [info] - Connected to database: angrudb
0000337 | 2019-01-16, 02:03:16.651526 [info] - Opened database successfully: angrudb
0000338 | 2019-01-16, 02:03:16.651683 [info] - Connected to database: angrudb
0000339 | 2019-01-16, 02:03:16.670747 [info] - Opened database successfully: angrudb
0000340 | 2019-01-16, 02:03:16.670904 [info] - Connected to database: angrudb
0000341 | 2019-01-16, 02:08:05.870168 [info] - Opened database successfully: angrudb
0000342 | 2019-01-16, 02:08:05.870388 [info] - Connected to database: angrudb
0000343 | 2019-01-16, 02:08:05.894203 [info] - Opened database successfully: angrudb
0000344 | 2019-01-16, 02:08:05.894370 [info] - Connected to database: angrudb
0000345 | 2019-01-16, 02:10:34.540470 [info] - Opened database successfully: angrudb
0000346 | 2019-01-16, 02:10:34.540617 [info] - Connected to database: angrudb
0000347 | 2019-01-16, 02:11:40.055255 [info] - Opened database successfully: angrudb
0000348 | 2019-01-16, 02:11:40.055419 [info] - Connected to database: angrudb
0000349 | 2019-01-16, 02:12:13.239465 [info] - Opened database successfully: angrudb
0000350 | 2019-01-16, 02:12:13.239602 [info] - Connected to database: angrudb
0000351 | 2019-01-16, 02:12:44.958233 [info] - Opened database successfully: angrudb
0000352 | 2019-01-16, 02:12:44.958471 [info] - Connected to database: angrudb
0000353 | 2019-01-16, 02:13:22.975276 [info] - Opened database successfully: angrudb
0000354 | 2019-01-16, 02:13:22.975429 [info] - Connected to database: angrudb
0000355 | 2019-01-16, 02:18:18.047483 [info] - Opened database successfully: angrudb
0000356 | 2019-01-16, 02:18:18.047644 [info] - Connected to database: angrudb
0000357 | 2019-01-16, 02:20:05.015296 [info] - Opened database successfully: angrudb
0000358 | 2019-01-16, 02:20:05.015432 [info] - Connected to database: angrudb
