Determining if the pthread_create exist failed with the following output:
Change Dir: /home/masoud/Projects/angru/build/CMakeFiles/CMakeTmp

Run Build Command:"/usr/bin/make" "cmTC_e0d1f/fast"
/usr/bin/make -f CMakeFiles/cmTC_e0d1f.dir/build.make CMakeFiles/cmTC_e0d1f.dir/build
make[1]: Entering directory '/home/masoud/Projects/angru/build/CMakeFiles/CMakeTmp'
Building C object CMakeFiles/cmTC_e0d1f.dir/CheckSymbolExists.c.o
/usr/bin/cc     -o CMakeFiles/cmTC_e0d1f.dir/CheckSymbolExists.c.o   -c /home/masoud/Projects/angru/build/CMakeFiles/CMakeTmp/CheckSymbolExists.c
Linking C executable cmTC_e0d1f
/usr/bin/cmake -E cmake_link_script CMakeFiles/cmTC_e0d1f.dir/link.txt --verbose=1
/usr/bin/cc       CMakeFiles/cmTC_e0d1f.dir/CheckSymbolExists.c.o  -o cmTC_e0d1f 
CMakeFiles/cmTC_e0d1f.dir/CheckSymbolExists.c.o: In function `main':
CheckSymbolExists.c:(.text+0x1b): undefined reference to `pthread_create'
collect2: error: ld returned 1 exit status
CMakeFiles/cmTC_e0d1f.dir/build.make:97: recipe for target 'cmTC_e0d1f' failed
make[1]: *** [cmTC_e0d1f] Error 1
make[1]: Leaving directory '/home/masoud/Projects/angru/build/CMakeFiles/CMakeTmp'
Makefile:126: recipe for target 'cmTC_e0d1f/fast' failed
make: *** [cmTC_e0d1f/fast] Error 2

File /home/masoud/Projects/angru/build/CMakeFiles/CMakeTmp/CheckSymbolExists.c:
/* */
#include <pthread.h>

int main(int argc, char** argv)
{
  (void)argv;
#ifndef pthread_create
  return ((int*)(&pthread_create))[argc];
#else
  (void)argc;
  return 0;
#endif
}

