0000001 | 2018-12-21, 15:25:36.696952 [info] - setup logfile using boost...
0000002 | 2018-12-21, 15:25:36.728679 [info] - setup database connection_string using pqxx...
0000003 | 2018-12-21, 15:25:36.728826 [info] - start reading data from json: ../config/config.json
0000004 | 2018-12-21, 15:25:36.738566 [info] - end reading data from json: ../config/config.json
0000005 | 2018-12-21, 15:25:36.738797 [info] - setup datetime and calendar using boost...
0000006 | 2018-12-21, 15:25:36.738858 [info] - set boost::locale::time_zone::global("GMT+4:30")
0000007 | 2018-12-21, 15:25:36.738962 [info] - set std::locale loc = gen("en-US.UTF-8");
0000008 | 2018-12-21, 15:25:36.946422 [info] - setup HTTP_Client using pistache...
0000009 | 2018-12-21, 15:25:36.946542 [info] - setup REST_Server using pistache...
0000010 | 2018-12-21, 15:25:37.004614 [info] - setup REST_Server using pistache...0
0000011 | 2018-12-21, 15:25:37.004814 [info] - setup REST_Server using pistache...1
0000012 | 2018-12-21, 15:25:37.004867 [info] - setup REST_Server using pistache...2
0000013 | 2018-12-21, 15:25:37.004908 [info] - setup REST_Server using pistache...3
0000014 | 2018-12-21, 15:25:37.004947 [info] - setup REST_Server using pistache...4
0000015 | 2018-12-21, 15:25:37.004985 [info] - setup REST_Server using pistache...5
0000016 | 2018-12-21, 15:25:37.005023 [info] - setup REST_Server using pistache...6
0000017 | 2018-12-21, 15:25:37.005060 [info] - setup REST_Server using pistache...7
0000018 | 2018-12-21, 15:25:37.005098 [info] - setup REST_Server using pistache...8
0000019 | 2018-12-21, 15:25:37.005135 [info] - setup REST_Server using pistache...9
0000020 | 2018-12-21, 15:25:37.005173 [info] - setup REST_Server using pistache...10
0000021 | 2018-12-21, 15:25:37.005211 [info] - setup REST_Server using pistache...11
0000022 | 2018-12-21, 15:25:37.005249 [info] - setup REST_Server using pistache...12
0000023 | 2018-12-21, 15:25:37.005286 [info] - setup REST_Server using pistache...13
0000024 | 2018-12-21, 15:25:37.005336 [info] - setup REST_Server using pistache...14
0000025 | 2018-12-21, 15:25:37.005375 [info] - setup REST_Server using pistache...15
0000026 | 2018-12-21, 15:25:37.005413 [info] - setup REST_Server using pistache...16
0000027 | 2018-12-21, 15:25:37.005451 [info] - setup REST_Server using pistache...17
0000028 | 2018-12-21, 15:25:37.005488 [info] - setup REST_Server using pistache...18
0000029 | 2018-12-21, 15:25:37.005525 [info] - setup REST_Server using pistache...19
0000030 | 2018-12-21, 15:25:37.005563 [info] - setup REST_Server using pistache...20
0000031 | 2018-12-21, 15:25:37.005600 [info] - setup REST_Server using pistache...21
0000032 | 2018-12-21, 15:25:37.005637 [info] - setup REST_Server using pistache...22
0000033 | 2018-12-21, 15:25:37.005674 [info] - setup REST_Server using pistache...23
0000034 | 2018-12-21, 15:25:37.005712 [info] - setup REST_Server using pistache...24
0000035 | 2018-12-21, 15:25:37.005749 [info] - setup REST_Server using pistache...25
0000036 | 2018-12-21, 15:25:37.005786 [info] - setup REST_Server using pistache...26
0000037 | 2018-12-21, 15:25:37.005824 [info] - setup REST_Server using pistache...27
0000038 | 2018-12-21, 15:25:37.005862 [info] - setup REST_Server using pistache...28
0000039 | 2018-12-21, 15:25:37.005900 [info] - setup REST_Server using pistache...29
0000040 | 2018-12-21, 15:25:37.005937 [info] - setup REST_Server using pistache...30
0000041 | 2018-12-21, 15:25:37.006000 [info] - setup REST_Server using pistache...31
0000042 | 2018-12-21, 15:25:37.006060 [info] - setup REST_Server using pistache...32
0000043 | 2018-12-21, 15:25:37.006125 [info] - setup REST_Server using pistache...33
0000044 | 2018-12-21, 15:25:37.006190 [info] - setup REST_Server using pistache...34
0000045 | 2018-12-21, 15:25:37.006257 [info] - setup REST_Server using pistache...35
0000046 | 2018-12-21, 15:25:37.006300 [info] - setup REST_Server using pistache...36
0000047 | 2018-12-21, 15:25:37.006339 [info] - setup REST_Server using pistache...37
0000048 | 2018-12-21, 15:25:37.006377 [info] - setup REST_Server using pistache...38
0000049 | 2018-12-21, 15:25:37.006414 [info] - setup REST_Server using pistache...39
0000050 | 2018-12-21, 15:25:37.006451 [info] - setup REST_Server using pistache...40
0000051 | 2018-12-21, 15:25:37.006488 [info] - setup REST_Server using pistache...41
0000052 | 2018-12-21, 15:25:37.006526 [info] - setup REST_Server using pistache...42
0000053 | 2018-12-21, 15:25:37.006564 [info] - setup REST_Server using pistache...43
0000054 | 2018-12-21, 15:25:37.006602 [info] - setup REST_Server using pistache...44
0000055 | 2018-12-21, 15:25:37.006640 [info] - setup REST_Server using pistache...45
0000056 | 2018-12-21, 15:25:37.006678 [info] - setup REST_Server using pistache...46
0000057 | 2018-12-21, 15:25:37.006716 [info] - setup REST_Server using pistache...47
0000058 | 2018-12-21, 15:25:37.006754 [info] - setup REST_Server using pistache...48
0000059 | 2018-12-21, 15:25:37.006792 [info] - setup REST_Server using pistache...49
0000060 | 2018-12-21, 15:25:37.006830 [info] - setup REST_Server using pistache...50
0000061 | 2018-12-21, 15:25:37.006868 [info] - setup REST_Server using pistache...51
0000062 | 2018-12-21, 15:25:37.006907 [info] - setup REST_Server using pistache...52
0000063 | 2018-12-21, 15:25:37.006964 [info] - setup REST_Server using pistache...53
0000064 | 2018-12-21, 15:25:37.007025 [info] - setup REST_Server using pistache...54
0000065 | 2018-12-21, 15:25:37.007088 [info] - setup REST_Server using pistache...55
0000066 | 2018-12-21, 15:25:37.007151 [info] - setup REST_Server using pistache...56
0000067 | 2018-12-21, 15:25:37.007216 [info] - setup REST_Server using pistache...57
0000068 | 2018-12-21, 15:25:37.007283 [info] - setup REST_Server using pistache...58
0000069 | 2018-12-21, 15:25:37.007348 [info] - setup REST_Server using pistache...59
0000070 | 2018-12-21, 15:25:37.007398 [info] - setup REST_Server using pistache...60
0000071 | 2018-12-21, 15:25:37.007436 [info] - setup REST_Server using pistache...61
0000072 | 2018-12-21, 15:25:37.007493 [info] - setup REST_Server using pistache...62
0000073 | 2018-12-21, 15:25:37.007533 [info] - setup REST_Server using pistache...63
0000074 | 2018-12-21, 15:25:37.007579 [info] - setup REST_Server using pistache...64
0000075 | 2018-12-21, 15:25:37.007636 [info] - setup REST_Server using pistache...65
0000076 | 2018-12-21, 15:25:37.007696 [info] - setup REST_Server using pistache...66
0000077 | 2018-12-21, 15:25:37.007756 [info] - setup REST_Server using pistache...67
0000078 | 2018-12-21, 15:25:37.007821 [info] - setup REST_Server using pistache...68
0000079 | 2018-12-21, 15:25:37.007884 [info] - setup REST_Server using pistache...69
0000080 | 2018-12-21, 15:25:37.007948 [info] - setup REST_Server using pistache...70
0000081 | 2018-12-21, 15:25:37.007990 [info] - setup REST_Server using pistache...71
0000082 | 2018-12-21, 15:25:37.008027 [info] - setup REST_Server using pistache...72
0000083 | 2018-12-21, 15:25:37.008064 [info] - setup REST_Server using pistache...73
0000084 | 2018-12-21, 15:25:37.008100 [info] - setup REST_Server using pistache...74
0000085 | 2018-12-21, 15:25:37.008137 [info] - setup REST_Server using pistache...75
0000086 | 2018-12-21, 15:25:37.008174 [info] - setup REST_Server using pistache...76
0000087 | 2018-12-21, 15:25:37.008210 [info] - setup REST_Server using pistache...77
0000088 | 2018-12-21, 15:25:37.008247 [info] - setup REST_Server using pistache...78
0000089 | 2018-12-21, 15:25:37.008344 [info] - setup REST_Server using pistache...79
0000090 | 2018-12-21, 15:25:37.008409 [info] - setup REST_Server using pistache...80
0000091 | 2018-12-21, 15:25:37.008475 [info] - setup REST_Server using pistache...81
0000092 | 2018-12-21, 15:25:37.008542 [info] - setup REST_Server using pistache...82
0000093 | 2018-12-21, 15:25:37.008599 [info] - setup REST_Server using pistache...83
0000094 | 2018-12-21, 15:25:37.008639 [info] - setup REST_Server using pistache...84
0000095 | 2018-12-21, 15:25:37.008676 [info] - setup REST_Server using pistache...85
0000096 | 2018-12-21, 15:25:37.008714 [info] - setup REST_Server using pistache...86
0000097 | 2018-12-21, 15:25:37.008899 [info] - setup REST_Server using pistache...87
0000098 | 2018-12-21, 15:25:37.008957 [info] - setup REST_Server using pistache...88
0000099 | 2018-12-21, 15:25:37.008996 [info] - setup REST_Server using pistache...89
0000100 | 2018-12-21, 15:25:37.009033 [info] - setup REST_Server using pistache...90
0000101 | 2018-12-21, 15:25:37.009071 [info] - setup REST_Server using pistache...91
0000102 | 2018-12-21, 15:25:37.009109 [info] - setup REST_Server using pistache...92
0000103 | 2018-12-21, 15:25:37.009147 [info] - setup REST_Server using pistache...93
0000104 | 2018-12-21, 15:25:37.009184 [info] - setup REST_Server using pistache...94
0000105 | 2018-12-21, 15:25:37.009222 [info] - setup REST_Server using pistache...95
0000106 | 2018-12-21, 15:25:37.009259 [info] - setup REST_Server using pistache...96
0000107 | 2018-12-21, 15:25:37.009297 [info] - setup REST_Server using pistache...97
0000108 | 2018-12-21, 15:25:37.009334 [info] - setup REST_Server using pistache...98
0000109 | 2018-12-21, 15:25:37.009372 [info] - setup REST_Server using pistache...99
0000001 | 2018-12-21, 15:25:53.135716 [info] - setup logfile using boost...
0000002 | 2018-12-21, 15:25:53.135830 [info] - setup database connection_string using pqxx...
0000003 | 2018-12-21, 15:25:53.135855 [info] - start reading data from json: ../config/config.json
0000004 | 2018-12-21, 15:25:53.136105 [info] - end reading data from json: ../config/config.json
0000005 | 2018-12-21, 15:25:53.136154 [info] - setup datetime and calendar using boost...
0000006 | 2018-12-21, 15:25:53.136167 [info] - set boost::locale::time_zone::global("GMT+4:30")
0000007 | 2018-12-21, 15:25:53.136186 [info] - set std::locale loc = gen("en-US.UTF-8");
0000008 | 2018-12-21, 15:25:53.137610 [info] - setup HTTP_Client using pistache...
0000009 | 2018-12-21, 15:25:53.137652 [info] - setup REST_Server using pistache...
0000010 | 2018-12-21, 15:25:53.138624 [info] - setup REST_Server using pistache...0
0000011 | 2018-12-21, 15:25:53.138695 [info] - setup REST_Server using pistache...1
0000012 | 2018-12-21, 15:25:53.138715 [info] - setup REST_Server using pistache...2
0000013 | 2018-12-21, 15:25:53.138732 [info] - setup REST_Server using pistache...3
0000014 | 2018-12-21, 15:25:53.138743 [info] - setup REST_Server using pistache...4
0000015 | 2018-12-21, 15:25:53.138751 [info] - setup REST_Server using pistache...5
0000016 | 2018-12-21, 15:25:53.138760 [info] - setup REST_Server using pistache...6
0000017 | 2018-12-21, 15:25:53.138769 [info] - setup REST_Server using pistache...7
0000018 | 2018-12-21, 15:25:53.138777 [info] - setup REST_Server using pistache...8
0000019 | 2018-12-21, 15:25:53.138786 [info] - setup REST_Server using pistache...9
0000020 | 2018-12-21, 15:25:53.138795 [info] - setup REST_Server using pistache...10
0000021 | 2018-12-21, 15:25:53.138804 [info] - setup REST_Server using pistache...11
0000022 | 2018-12-21, 15:25:53.138812 [info] - setup REST_Server using pistache...12
0000023 | 2018-12-21, 15:25:53.138821 [info] - setup REST_Server using pistache...13
0000024 | 2018-12-21, 15:25:53.138833 [info] - setup REST_Server using pistache...14
0000025 | 2018-12-21, 15:25:53.138842 [info] - setup REST_Server using pistache...15
0000026 | 2018-12-21, 15:25:53.138850 [info] - setup REST_Server using pistache...16
0000027 | 2018-12-21, 15:25:53.138859 [info] - setup REST_Server using pistache...17
0000028 | 2018-12-21, 15:25:53.138868 [info] - setup REST_Server using pistache...18
0000029 | 2018-12-21, 15:25:53.138876 [info] - setup REST_Server using pistache...19
0000030 | 2018-12-21, 15:25:53.138885 [info] - setup REST_Server using pistache...20
0000031 | 2018-12-21, 15:25:53.138894 [info] - setup REST_Server using pistache...21
0000032 | 2018-12-21, 15:25:53.138902 [info] - setup REST_Server using pistache...22
0000033 | 2018-12-21, 15:25:53.138911 [info] - setup REST_Server using pistache...23
0000034 | 2018-12-21, 15:25:53.138920 [info] - setup REST_Server using pistache...24
0000035 | 2018-12-21, 15:25:53.138929 [info] - setup REST_Server using pistache...25
0000036 | 2018-12-21, 15:25:53.138937 [info] - setup REST_Server using pistache...26
0000037 | 2018-12-21, 15:25:53.138946 [info] - setup REST_Server using pistache...27
0000038 | 2018-12-21, 15:25:53.138955 [info] - setup REST_Server using pistache...28
0000039 | 2018-12-21, 15:25:53.138963 [info] - setup REST_Server using pistache...29
0000040 | 2018-12-21, 15:25:53.138972 [info] - setup REST_Server using pistache...30
0000041 | 2018-12-21, 15:25:53.138982 [info] - setup REST_Server using pistache...31
0000042 | 2018-12-21, 15:25:53.138992 [info] - setup REST_Server using pistache...32
0000043 | 2018-12-21, 15:25:53.139001 [info] - setup REST_Server using pistache...33
0000044 | 2018-12-21, 15:25:53.139012 [info] - setup REST_Server using pistache...34
0000045 | 2018-12-21, 15:25:53.139021 [info] - setup REST_Server using pistache...35
0000046 | 2018-12-21, 15:25:53.139032 [info] - setup REST_Server using pistache...36
0000047 | 2018-12-21, 15:25:53.139044 [info] - setup REST_Server using pistache...37
0000048 | 2018-12-21, 15:25:53.139056 [info] - setup REST_Server using pistache...38
0000049 | 2018-12-21, 15:25:53.139067 [info] - setup REST_Server using pistache...39
0000050 | 2018-12-21, 15:25:53.139080 [info] - setup REST_Server using pistache...40
0000051 | 2018-12-21, 15:25:53.139092 [info] - setup REST_Server using pistache...41
0000052 | 2018-12-21, 15:25:53.139103 [info] - setup REST_Server using pistache...42
0000053 | 2018-12-21, 15:25:53.139119 [info] - setup REST_Server using pistache...43
0000054 | 2018-12-21, 15:25:53.139139 [info] - setup REST_Server using pistache...44
0000055 | 2018-12-21, 15:25:53.139154 [info] - setup REST_Server using pistache...45
0000056 | 2018-12-21, 15:25:53.139169 [info] - setup REST_Server using pistache...46
0000057 | 2018-12-21, 15:25:53.139184 [info] - setup REST_Server using pistache...47
0000058 | 2018-12-21, 15:25:53.139216 [info] - setup REST_Server using pistache...48
0000059 | 2018-12-21, 15:25:53.139241 [info] - setup REST_Server using pistache...49
0000060 | 2018-12-21, 15:25:53.139259 [info] - setup REST_Server using pistache...50
0000061 | 2018-12-21, 15:25:53.139281 [info] - setup REST_Server using pistache...51
0000062 | 2018-12-21, 15:25:53.139300 [info] - setup REST_Server using pistache...52
0000063 | 2018-12-21, 15:25:53.139321 [info] - setup REST_Server using pistache...53
0000064 | 2018-12-21, 15:25:53.139348 [info] - setup REST_Server using pistache...54
0000065 | 2018-12-21, 15:25:53.139371 [info] - setup REST_Server using pistache...55
0000066 | 2018-12-21, 15:25:53.139396 [info] - setup REST_Server using pistache...56
0000067 | 2018-12-21, 15:25:53.139422 [info] - setup REST_Server using pistache...57
0000068 | 2018-12-21, 15:25:53.139444 [info] - setup REST_Server using pistache...58
0000069 | 2018-12-21, 15:25:53.139469 [info] - setup REST_Server using pistache...59
0000070 | 2018-12-21, 15:25:53.139491 [info] - setup REST_Server using pistache...60
0000071 | 2018-12-21, 15:25:53.139513 [info] - setup REST_Server using pistache...61
0000072 | 2018-12-21, 15:25:53.139534 [info] - setup REST_Server using pistache...62
0000073 | 2018-12-21, 15:25:53.139556 [info] - setup REST_Server using pistache...63
0000074 | 2018-12-21, 15:25:53.139578 [info] - setup REST_Server using pistache...64
0000075 | 2018-12-21, 15:25:53.139599 [info] - setup REST_Server using pistache...65
0000076 | 2018-12-21, 15:25:53.139619 [info] - setup REST_Server using pistache...66
0000077 | 2018-12-21, 15:25:53.139638 [info] - setup REST_Server using pistache...67
0000078 | 2018-12-21, 15:25:53.139660 [info] - setup REST_Server using pistache...68
0000079 | 2018-12-21, 15:25:53.139676 [info] - setup REST_Server using pistache...69
0000080 | 2018-12-21, 15:25:53.139699 [info] - setup REST_Server using pistache...70
0000081 | 2018-12-21, 15:25:53.139723 [info] - setup REST_Server using pistache...71
0000082 | 2018-12-21, 15:25:53.139743 [info] - setup REST_Server using pistache...72
0000083 | 2018-12-21, 15:25:53.139759 [info] - setup REST_Server using pistache...73
0000084 | 2018-12-21, 15:25:53.139777 [info] - setup REST_Server using pistache...74
0000085 | 2018-12-21, 15:25:53.139793 [info] - setup REST_Server using pistache...75
0000086 | 2018-12-21, 15:25:53.139810 [info] - setup REST_Server using pistache...76
0000087 | 2018-12-21, 15:25:53.139826 [info] - setup REST_Server using pistache...77
0000088 | 2018-12-21, 15:25:53.139845 [info] - setup REST_Server using pistache...78
0000089 | 2018-12-21, 15:25:53.139862 [info] - setup REST_Server using pistache...79
0000090 | 2018-12-21, 15:25:53.139879 [info] - setup REST_Server using pistache...80
0000091 | 2018-12-21, 15:25:53.139897 [info] - setup REST_Server using pistache...81
0000092 | 2018-12-21, 15:25:53.139911 [info] - setup REST_Server using pistache...82
0000093 | 2018-12-21, 15:25:53.139929 [info] - setup REST_Server using pistache...83
0000094 | 2018-12-21, 15:25:53.139943 [info] - setup REST_Server using pistache...84
0000095 | 2018-12-21, 15:25:53.139960 [info] - setup REST_Server using pistache...85
0000096 | 2018-12-21, 15:25:53.139978 [info] - setup REST_Server using pistache...86
0000097 | 2018-12-21, 15:25:53.140188 [info] - setup REST_Server using pistache...87
0000098 | 2018-12-21, 15:25:53.140308 [info] - setup REST_Server using pistache...88
0000099 | 2018-12-21, 15:25:53.140344 [info] - setup REST_Server using pistache...89
0000100 | 2018-12-21, 15:25:53.140366 [info] - setup REST_Server using pistache...90
0000101 | 2018-12-21, 15:25:53.140388 [info] - setup REST_Server using pistache...91
0000102 | 2018-12-21, 15:25:53.140409 [info] - setup REST_Server using pistache...92
0000103 | 2018-12-21, 15:25:53.140424 [info] - setup REST_Server using pistache...93
0000104 | 2018-12-21, 15:25:53.140442 [info] - setup REST_Server using pistache...94
0000105 | 2018-12-21, 15:25:53.140464 [info] - setup REST_Server using pistache...95
0000106 | 2018-12-21, 15:25:53.140490 [info] - setup REST_Server using pistache...96
0000107 | 2018-12-21, 15:25:53.140511 [info] - setup REST_Server using pistache...97
0000108 | 2018-12-21, 15:25:53.140535 [info] - setup REST_Server using pistache...98
0000109 | 2018-12-21, 15:25:53.140550 [info] - setup REST_Server using pistache...99
0000001 | 2018-12-21, 15:26:25.137094 [info] - setup logfile using boost...
0000002 | 2018-12-21, 15:26:25.137262 [info] - setup database connection_string using pqxx...
0000003 | 2018-12-21, 15:26:25.137303 [info] - start reading data from json: ../config/config.json
0000004 | 2018-12-21, 15:26:25.137660 [info] - end reading data from json: ../config/config.json
0000005 | 2018-12-21, 15:26:25.137733 [info] - setup datetime and calendar using boost...
0000006 | 2018-12-21, 15:26:25.137761 [info] - set boost::locale::time_zone::global("GMT+4:30")
0000007 | 2018-12-21, 15:26:25.137796 [info] - set std::locale loc = gen("en-US.UTF-8");
0000008 | 2018-12-21, 15:26:25.139687 [info] - setup HTTP_Client using pistache...
0000009 | 2018-12-21, 15:26:25.139734 [info] - setup REST_Server using pistache...
0000010 | 2018-12-21, 15:26:25.140905 [info] - setup REST_Server using pistache...0
0000011 | 2018-12-21, 15:26:25.140980 [info] - setup REST_Server using pistache...1
0000012 | 2018-12-21, 15:26:25.141005 [info] - setup REST_Server using pistache...2
0000013 | 2018-12-21, 15:26:25.141025 [info] - setup REST_Server using pistache...3
0000014 | 2018-12-21, 15:26:25.141044 [info] - setup REST_Server using pistache...4
0000015 | 2018-12-21, 15:26:25.141063 [info] - setup REST_Server using pistache...5
0000016 | 2018-12-21, 15:26:25.141082 [info] - setup REST_Server using pistache...6
0000017 | 2018-12-21, 15:26:25.141101 [info] - setup REST_Server using pistache...7
0000018 | 2018-12-21, 15:26:25.141119 [info] - setup REST_Server using pistache...8
0000019 | 2018-12-21, 15:26:25.141137 [info] - setup REST_Server using pistache...9
0000020 | 2018-12-21, 15:26:25.141156 [info] - setup REST_Server using pistache...10
0000021 | 2018-12-21, 15:26:25.141173 [info] - setup REST_Server using pistache...11
0000022 | 2018-12-21, 15:26:25.141193 [info] - setup REST_Server using pistache...12
0000023 | 2018-12-21, 15:26:25.141212 [info] - setup REST_Server using pistache...13
0000024 | 2018-12-21, 15:26:25.141234 [info] - setup REST_Server using pistache...14
0000025 | 2018-12-21, 15:26:25.141254 [info] - setup REST_Server using pistache...15
0000026 | 2018-12-21, 15:26:25.141273 [info] - setup REST_Server using pistache...16
0000027 | 2018-12-21, 15:26:25.141291 [info] - setup REST_Server using pistache...17
0000028 | 2018-12-21, 15:26:25.141309 [info] - setup REST_Server using pistache...18
0000029 | 2018-12-21, 15:26:25.141327 [info] - setup REST_Server using pistache...19
0000030 | 2018-12-21, 15:26:25.141346 [info] - setup REST_Server using pistache...20
0000031 | 2018-12-21, 15:26:25.141377 [info] - setup REST_Server using pistache...21
0000032 | 2018-12-21, 15:26:25.141398 [info] - setup REST_Server using pistache...22
0000033 | 2018-12-21, 15:26:25.141417 [info] - setup REST_Server using pistache...23
0000034 | 2018-12-21, 15:26:25.141435 [info] - setup REST_Server using pistache...24
0000035 | 2018-12-21, 15:26:25.141457 [info] - setup REST_Server using pistache...25
0000036 | 2018-12-21, 15:26:25.141482 [info] - setup REST_Server using pistache...26
0000037 | 2018-12-21, 15:26:25.141504 [info] - setup REST_Server using pistache...27
0000038 | 2018-12-21, 15:26:25.141530 [info] - setup REST_Server using pistache...28
0000039 | 2018-12-21, 15:26:25.141557 [info] - setup REST_Server using pistache...29
0000040 | 2018-12-21, 15:26:25.141638 [info] - setup REST_Server using pistache...30
0000041 | 2018-12-21, 15:26:25.141663 [info] - setup REST_Server using pistache...31
0000042 | 2018-12-21, 15:26:25.141689 [info] - setup REST_Server using pistache...32
0000043 | 2018-12-21, 15:26:25.141719 [info] - setup REST_Server using pistache...33
0000044 | 2018-12-21, 15:26:25.141746 [info] - setup REST_Server using pistache...34
0000045 | 2018-12-21, 15:26:25.141774 [info] - setup REST_Server using pistache...35
0000046 | 2018-12-21, 15:26:25.141804 [info] - setup REST_Server using pistache...36
0000047 | 2018-12-21, 15:26:25.141834 [info] - setup REST_Server using pistache...37
0000048 | 2018-12-21, 15:26:25.141864 [info] - setup REST_Server using pistache...38
0000049 | 2018-12-21, 15:26:25.141892 [info] - setup REST_Server using pistache...39
0000050 | 2018-12-21, 15:26:25.141927 [info] - setup REST_Server using pistache...40
0000051 | 2018-12-21, 15:26:25.141965 [info] - setup REST_Server using pistache...41
0000052 | 2018-12-21, 15:26:25.141994 [info] - setup REST_Server using pistache...42
0000053 | 2018-12-21, 15:26:25.142026 [info] - setup REST_Server using pistache...43
0000054 | 2018-12-21, 15:26:25.142054 [info] - setup REST_Server using pistache...44
0000055 | 2018-12-21, 15:26:25.142081 [info] - setup REST_Server using pistache...45
0000056 | 2018-12-21, 15:26:25.142113 [info] - setup REST_Server using pistache...46
0000057 | 2018-12-21, 15:26:25.142148 [info] - setup REST_Server using pistache...47
0000058 | 2018-12-21, 15:26:25.142179 [info] - setup REST_Server using pistache...48
0000059 | 2018-12-21, 15:26:25.142209 [info] - setup REST_Server using pistache...49
0000060 | 2018-12-21, 15:26:25.142236 [info] - setup REST_Server using pistache...50
0000061 | 2018-12-21, 15:26:25.142269 [info] - setup REST_Server using pistache...51
0000062 | 2018-12-21, 15:26:25.142302 [info] - setup REST_Server using pistache...52
0000063 | 2018-12-21, 15:26:25.142330 [info] - setup REST_Server using pistache...53
0000064 | 2018-12-21, 15:26:25.142358 [info] - setup REST_Server using pistache...54
0000065 | 2018-12-21, 15:26:25.142387 [info] - setup REST_Server using pistache...55
0000066 | 2018-12-21, 15:26:25.142427 [info] - setup REST_Server using pistache...56
0000067 | 2018-12-21, 15:26:25.142461 [info] - setup REST_Server using pistache...57
0000068 | 2018-12-21, 15:26:25.142488 [info] - setup REST_Server using pistache...58
0000069 | 2018-12-21, 15:26:25.142513 [info] - setup REST_Server using pistache...59
0000070 | 2018-12-21, 15:26:25.142540 [info] - setup REST_Server using pistache...60
0000071 | 2018-12-21, 15:26:25.142571 [info] - setup REST_Server using pistache...61
0000072 | 2018-12-21, 15:26:25.142601 [info] - setup REST_Server using pistache...62
0000073 | 2018-12-21, 15:26:25.142629 [info] - setup REST_Server using pistache...63
0000074 | 2018-12-21, 15:26:25.142651 [info] - setup REST_Server using pistache...64
0000075 | 2018-12-21, 15:26:25.142684 [info] - setup REST_Server using pistache...65
0000076 | 2018-12-21, 15:26:25.142699 [info] - setup REST_Server using pistache...66
0000077 | 2018-12-21, 15:26:25.142714 [info] - setup REST_Server using pistache...67
0000078 | 2018-12-21, 15:26:25.142729 [info] - setup REST_Server using pistache...68
0000079 | 2018-12-21, 15:26:25.142743 [info] - setup REST_Server using pistache...69
0000080 | 2018-12-21, 15:26:25.142758 [info] - setup REST_Server using pistache...70
0000081 | 2018-12-21, 15:26:25.142772 [info] - setup REST_Server using pistache...71
0000082 | 2018-12-21, 15:26:25.142786 [info] - setup REST_Server using pistache...72
0000083 | 2018-12-21, 15:26:25.142799 [info] - setup REST_Server using pistache...73
0000084 | 2018-12-21, 15:26:25.142813 [info] - setup REST_Server using pistache...74
0000085 | 2018-12-21, 15:26:25.142827 [info] - setup REST_Server using pistache...75
0000086 | 2018-12-21, 15:26:25.142841 [info] - setup REST_Server using pistache...76
0000087 | 2018-12-21, 15:26:25.142855 [info] - setup REST_Server using pistache...77
0000088 | 2018-12-21, 15:26:25.142869 [info] - setup REST_Server using pistache...78
0000089 | 2018-12-21, 15:26:25.142884 [info] - setup REST_Server using pistache...79
0000090 | 2018-12-21, 15:26:25.142899 [info] - setup REST_Server using pistache...80
0000091 | 2018-12-21, 15:26:25.142912 [info] - setup REST_Server using pistache...81
0000092 | 2018-12-21, 15:26:25.142926 [info] - setup REST_Server using pistache...82
0000093 | 2018-12-21, 15:26:25.142940 [info] - setup REST_Server using pistache...83
0000094 | 2018-12-21, 15:26:25.142953 [info] - setup REST_Server using pistache...84
0000095 | 2018-12-21, 15:26:25.142967 [info] - setup REST_Server using pistache...85
0000096 | 2018-12-21, 15:26:25.142980 [info] - setup REST_Server using pistache...86
0000097 | 2018-12-21, 15:26:25.143114 [info] - setup REST_Server using pistache...87
0000098 | 2018-12-21, 15:26:25.143138 [info] - setup REST_Server using pistache...88
0000099 | 2018-12-21, 15:26:25.143155 [info] - setup REST_Server using pistache...89
0000100 | 2018-12-21, 15:26:25.143168 [info] - setup REST_Server using pistache...90
0000101 | 2018-12-21, 15:26:25.143182 [info] - setup REST_Server using pistache...91
0000102 | 2018-12-21, 15:26:25.143196 [info] - setup REST_Server using pistache...92
0000103 | 2018-12-21, 15:26:25.143210 [info] - setup REST_Server using pistache...93
0000104 | 2018-12-21, 15:26:25.143224 [info] - setup REST_Server using pistache...94
0000105 | 2018-12-21, 15:26:25.143238 [info] - setup REST_Server using pistache...95
0000106 | 2018-12-21, 15:26:25.143252 [info] - setup REST_Server using pistache...96
0000107 | 2018-12-21, 15:26:25.143265 [info] - setup REST_Server using pistache...97
0000108 | 2018-12-21, 15:26:25.143279 [info] - setup REST_Server using pistache...98
0000109 | 2018-12-21, 15:26:25.143293 [info] - setup REST_Server using pistache...99
0000001 | 2018-12-21, 15:52:15.158242 [info] - setup logfile using boost...
0000002 | 2018-12-21, 15:52:15.158810 [info] - setup database connection_string using pqxx...
0000003 | 2018-12-21, 15:52:15.158860 [info] - start reading data from json: ../config/config.json
0000004 | 2018-12-21, 15:52:15.178246 [info] - end reading data from json: ../config/config.json
0000005 | 2018-12-21, 15:52:15.178321 [info] - setup datetime and calendar using boost...
0000006 | 2018-12-21, 15:52:15.178334 [info] - set boost::locale::time_zone::global("GMT+4:30")
0000007 | 2018-12-21, 15:52:15.178356 [info] - set std::locale loc = gen("en-US.UTF-8");
0000008 | 2018-12-21, 15:52:15.419262 [info] - setup HTTP_Client using pistache...
0000009 | 2018-12-21, 15:52:15.419377 [info] - setup REST_Server using pistache...
0000001 | 2018-12-21, 16:42:41.294601 [info] - setup logfile using boost...
0000002 | 2018-12-21, 16:42:41.326030 [info] - setup database connection_string using pqxx...
0000003 | 2018-12-21, 16:42:41.326174 [info] - start reading data from json: ../config/config.json
0000004 | 2018-12-21, 16:42:41.336336 [info] - end reading data from json: ../config/config.json
0000005 | 2018-12-21, 16:42:41.336547 [info] - setup datetime and calendar using boost...
0000006 | 2018-12-21, 16:42:41.336602 [info] - set boost::locale::time_zone::global("GMT+4:30")
0000007 | 2018-12-21, 16:42:41.336680 [info] - set std::locale loc = gen("en-US.UTF-8");
0000008 | 2018-12-21, 16:42:41.576770 [info] - setup HTTP_Client using pistache...
0000009 | 2018-12-21, 16:42:41.576893 [info] - setup REST_Server using pistache...
0000001 | 2018-12-21, 16:51:00.750111 [info] - setup logfile using boost...
0000002 | 2018-12-21, 16:51:00.781549 [info] - setup database connection_string using pqxx...
0000003 | 2018-12-21, 16:51:00.781684 [info] - start reading data from json: ../config/config.json
0000004 | 2018-12-21, 16:51:00.791950 [info] - end reading data from json: ../config/config.json
0000005 | 2018-12-21, 16:51:00.792188 [info] - setup datetime and calendar using boost...
0000006 | 2018-12-21, 16:51:00.792245 [info] - set boost::locale::time_zone::global("GMT+4:30")
0000007 | 2018-12-21, 16:51:00.792374 [info] - set std::locale loc = gen("en-US.UTF-8");
0000008 | 2018-12-21, 16:51:01.104896 [info] - setup HTTP_Client using pistache...
0000009 | 2018-12-21, 16:51:01.105042 [info] - setup REST_Server using pistache...
0000001 | 2018-12-21, 17:11:42.360488 [info] - setup logfile using boost...
0000002 | 2018-12-21, 17:11:42.361599 [info] - setup database connection_string using pqxx...
0000003 | 2018-12-21, 17:11:42.361753 [info] - start reading data from json: ../config/config.json
0000004 | 2018-12-21, 17:11:42.362750 [info] - end reading data from json: ../config/config.json
0000005 | 2018-12-21, 17:11:42.362941 [info] - setup datetime and calendar using boost...
0000006 | 2018-12-21, 17:11:42.362994 [info] - set boost::locale::time_zone::global("GMT+4:30")
0000007 | 2018-12-21, 17:11:42.363069 [info] - set std::locale loc = gen("en-US.UTF-8");
0000008 | 2018-12-21, 17:11:42.604241 [info] - setup HTTP_Client using pistache...
0000009 | 2018-12-21, 17:11:42.604411 [info] - setup REST_Server using pistache...
0000001 | 2018-12-21, 17:12:39.688383 [info] - setup logfile using boost...
0000002 | 2018-12-21, 17:12:39.688766 [info] - setup database connection_string using pqxx...
0000003 | 2018-12-21, 17:12:39.688857 [info] - start reading data from json: ../config/config.json
0000004 | 2018-12-21, 17:12:39.689725 [info] - end reading data from json: ../config/config.json
0000005 | 2018-12-21, 17:12:39.689920 [info] - setup datetime and calendar using boost...
0000006 | 2018-12-21, 17:12:39.689970 [info] - set boost::locale::time_zone::global("GMT+4:30")
0000007 | 2018-12-21, 17:12:39.690039 [info] - set std::locale loc = gen("en-US.UTF-8");
0000008 | 2018-12-21, 17:12:39.695344 [info] - setup HTTP_Client using pistache...
0000009 | 2018-12-21, 17:12:39.695450 [info] - setup REST_Server using pistache...
0000001 | 2018-12-21, 17:15:35.581173 [info] - setup logfile using boost...
0000002 | 2018-12-21, 17:15:35.581481 [info] - setup database connection_string using pqxx...
0000003 | 2018-12-21, 17:15:35.581555 [info] - start reading data from json: ../config/config.json
0000004 | 2018-12-21, 17:15:35.582278 [info] - end reading data from json: ../config/config.json
0000005 | 2018-12-21, 17:15:35.582443 [info] - setup datetime and calendar using boost...
0000006 | 2018-12-21, 17:15:35.582487 [info] - set boost::locale::time_zone::global("GMT+4:30")
0000007 | 2018-12-21, 17:15:35.582541 [info] - set std::locale loc = gen("en-US.UTF-8");
0000008 | 2018-12-21, 17:15:35.585983 [info] - setup HTTP_Client using pistache...
0000009 | 2018-12-21, 17:15:35.586063 [info] - setup REST_Server using pistache...
0000001 | 2018-12-21, 17:25:00.448565 [info] - setup logfile using boost...
0000002 | 2018-12-21, 17:25:00.449606 [info] - setup database connection_string using pqxx...
0000003 | 2018-12-21, 17:25:00.449747 [info] - start reading data from json: ../config/config.json
0000004 | 2018-12-21, 17:25:00.450964 [info] - end reading data from json: ../config/config.json
0000005 | 2018-12-21, 17:25:00.451221 [info] - setup datetime and calendar using boost...
0000006 | 2018-12-21, 17:25:00.451319 [info] - set boost::locale::time_zone::global("GMT+4:30")
0000007 | 2018-12-21, 17:25:00.451431 [info] - set std::locale loc = gen("en-US.UTF-8");
0000008 | 2018-12-21, 17:25:00.696458 [info] - setup HTTP_Client using pistache...
0000009 | 2018-12-21, 17:25:00.696575 [info] - setup REST_Server using pistache...
0000001 | 2018-12-21, 17:48:34.036692 [info] - setup logfile using boost...
0000002 | 2018-12-21, 17:48:34.038566 [info] - setup database connection_string using pqxx...
0000003 | 2018-12-21, 17:48:34.038795 [info] - start reading data from json: ../config/config.json
0000004 | 2018-12-21, 17:48:34.040117 [info] - end reading data from json: ../config/config.json
0000005 | 2018-12-21, 17:48:34.040384 [info] - setup datetime and calendar using boost...
0000006 | 2018-12-21, 17:48:34.040446 [info] - set boost::locale::time_zone::global("GMT+4:30")
0000007 | 2018-12-21, 17:48:34.040520 [info] - set std::locale loc = gen("en-US.UTF-8");
0000008 | 2018-12-21, 17:48:34.619048 [info] - setup HTTP_Client using pistache...
0000009 | 2018-12-21, 17:48:34.619167 [info] - setup REST_Server using pistache...
0000010 | 2018-12-21, 17:48:35.822484 [info] - Opened database successfully: angrudb
0000011 | 2018-12-21, 17:48:35.822988 [info] - Connected to database: angrudb
0000001 | 2018-12-21, 18:05:33.457199 [info] - setup logfile using boost...
0000002 | 2018-12-21, 18:05:33.498004 [info] - setup database connection_string using pqxx...
0000003 | 2018-12-21, 18:05:33.498149 [info] - start reading data from json: ../config/config.json
0000004 | 2018-12-21, 18:05:33.510720 [info] - end reading data from json: ../config/config.json
0000005 | 2018-12-21, 18:05:33.510955 [info] - setup datetime and calendar using boost...
0000006 | 2018-12-21, 18:05:33.511010 [info] - set boost::locale::time_zone::global("GMT+5:30")
0000007 | 2018-12-21, 18:05:33.511086 [info] - set std::locale loc = gen("en-US.UTF-8");
0000008 | 2018-12-21, 18:05:33.740778 [info] - setup HTTP_Client using pistache...
0000009 | 2018-12-21, 18:05:33.740898 [info] - setup REST_Server using pistache...
0000010 | 2018-12-21, 18:05:34.062261 [info] - Opened database successfully: angrudb
0000011 | 2018-12-21, 18:05:34.062812 [info] - Connected to database: angrudb
0000001 | 2018-12-21, 18:09:35.329905 [info] - setup logfile using boost...
0000002 | 2018-12-21, 18:09:35.330094 [info] - setup database connection_string using pqxx...
0000003 | 2018-12-21, 18:09:35.330132 [info] - start reading data from json: ../config/config.json
0000004 | 2018-12-21, 18:09:35.330503 [info] - end reading data from json: ../config/config.json
0000005 | 2018-12-21, 18:09:35.330578 [info] - setup datetime and calendar using boost...
0000006 | 2018-12-21, 18:09:35.330606 [info] - set boost::locale::time_zone::global("GMT+5:30")
0000007 | 2018-12-21, 18:09:35.330636 [info] - set std::locale loc = gen("en-US.UTF-8");
0000008 | 2018-12-21, 18:09:35.334086 [info] - setup HTTP_Client using pistache...
0000009 | 2018-12-21, 18:09:35.334242 [info] - setup REST_Server using pistache...
0000010 | 2018-12-21, 18:09:35.343498 [info] - Opened database successfully: angrudb
0000011 | 2018-12-21, 18:09:35.343669 [info] - Connected to database: angrudb
0000001 | 2018-12-21, 18:11:16.804855 [info] - setup logfile using boost...
0000002 | 2018-12-21, 18:11:16.825420 [info] - setup database connection_string using pqxx...
0000003 | 2018-12-21, 18:11:16.825564 [info] - start reading data from json: ../config/config.json
0000004 | 2018-12-21, 18:11:16.835806 [info] - end reading data from json: ../config/config.json
0000005 | 2018-12-21, 18:11:16.836047 [info] - setup datetime and calendar using boost...
0000006 | 2018-12-21, 18:11:16.836099 [info] - set boost::locale::time_zone::global("GMT+5:30")
0000007 | 2018-12-21, 18:11:16.836173 [info] - set std::locale loc = gen("en-US.UTF-8");
0000008 | 2018-12-21, 18:11:17.114313 [info] - setup HTTP_Client using pistache...
0000009 | 2018-12-21, 18:11:17.114431 [info] - setup REST_Server using pistache...
0000010 | 2018-12-21, 18:11:17.391293 [info] - Opened database successfully: angrudb
0000011 | 2018-12-21, 18:11:17.391706 [info] - Connected to database: angrudb
0000001 | 2018-12-21, 18:14:55.881765 [info] - setup logfile using boost...
0000002 | 2018-12-21, 18:14:55.913480 [info] - setup database connection_string using pqxx...
0000003 | 2018-12-21, 18:14:55.913668 [info] - start reading data from json: ../config/config.json
0000004 | 2018-12-21, 18:14:55.923557 [info] - end reading data from json: ../config/config.json
0000005 | 2018-12-21, 18:14:55.923794 [info] - setup datetime and calendar using boost...
0000006 | 2018-12-21, 18:14:55.923847 [info] - set boost::locale::time_zone::global("GMT+5:30")
0000007 | 2018-12-21, 18:14:55.923922 [info] - set std::locale loc = gen("en-US.UTF-8");
0000008 | 2018-12-21, 18:14:56.164524 [info] - setup HTTP_Client using pistache...
0000009 | 2018-12-21, 18:14:56.164644 [info] - setup REST_Server using pistache...
0000010 | 2018-12-21, 18:14:56.663818 [info] - Opened database successfully: angrudb
0000011 | 2018-12-21, 18:14:56.664324 [info] - Connected to database: angrudb
0000001 | 2018-12-21, 19:13:22.861427 [info] - setup logfile using boost...
0000002 | 2018-12-21, 19:13:22.862707 [info] - setup database connection_string using pqxx...
0000003 | 2018-12-21, 19:13:22.862831 [info] - start reading data from json: ../config/config.json
0000004 | 2018-12-21, 19:13:22.863714 [info] - end reading data from json: ../config/config.json
0000005 | 2018-12-21, 19:13:22.863883 [info] - setup datetime and calendar using boost...
0000006 | 2018-12-21, 19:13:22.863928 [info] - set boost::locale::time_zone::global("GMT+5:30")
0000007 | 2018-12-21, 19:13:22.863999 [info] - set std::locale loc = gen("en-US.UTF-8");
0000008 | 2018-12-21, 19:13:23.109685 [info] - setup HTTP_Client using pistache...
0000009 | 2018-12-21, 19:13:23.109841 [info] - setup REST_Server using pistache...
0000010 | 2018-12-21, 19:13:23.441826 [info] - Opened database successfully: angrudb
0000011 | 2018-12-21, 19:13:23.442519 [info] - Connected to database: angrudb
0000001 | 2018-12-21, 19:14:53.428549 [info] - setup logfile using boost...
0000002 | 2018-12-21, 19:14:53.472813 [info] - setup database connection_string using pqxx...
0000003 | 2018-12-21, 19:14:53.472962 [info] - start reading data from json: ../config/config.json
0000004 | 2018-12-21, 19:14:53.483328 [info] - end reading data from json: ../config/config.json
0000005 | 2018-12-21, 19:14:53.483569 [info] - setup datetime and calendar using boost...
0000006 | 2018-12-21, 19:14:53.483646 [info] - set boost::locale::time_zone::global("GMT+5:30")
0000007 | 2018-12-21, 19:14:53.483726 [info] - set std::locale loc = gen("en-US.UTF-8");
0000008 | 2018-12-21, 19:14:53.731586 [info] - setup HTTP_Client using pistache...
0000009 | 2018-12-21, 19:14:53.731620 [info] - setup REST_Server using pistache...
0000010 | 2018-12-21, 19:14:54.278152 [info] - Opened database successfully: angrudb
0000011 | 2018-12-21, 19:14:54.278607 [info] - Connected to database: angrudb
0000001 | 2018-12-21, 19:16:15.866244 [info] - setup logfile using boost...
0000002 | 2018-12-21, 19:16:15.908975 [info] - setup database connection_string using pqxx...
0000003 | 2018-12-21, 19:16:15.909087 [info] - start reading data from json: ../config/config.json
0000004 | 2018-12-21, 19:16:15.918382 [info] - end reading data from json: ../config/config.json
0000005 | 2018-12-21, 19:16:15.918445 [info] - setup datetime and calendar using boost...
0000006 | 2018-12-21, 19:16:15.918461 [info] - set boost::locale::time_zone::global("GMT+5:30")
0000007 | 2018-12-21, 19:16:15.918486 [info] - set std::locale loc = gen("en-US.UTF-8");
0000008 | 2018-12-21, 19:16:16.247881 [info] - setup HTTP_Client using pistache...
0000009 | 2018-12-21, 19:16:16.248001 [info] - setup REST_Server using pistache...
0000010 | 2018-12-21, 19:16:16.666330 [info] - Opened database successfully: angrudb
0000011 | 2018-12-21, 19:16:16.666458 [info] - Connected to database: angrudb
0000001 | 2018-12-21, 20:17:28.561496 [info] - setup logfile using boost...
0000002 | 2018-12-21, 20:17:28.602257 [info] - setup database connection_string using pqxx...
0000003 | 2018-12-21, 20:17:28.602402 [info] - start reading data from json: ../config/config.json
0000004 | 2018-12-21, 20:17:28.615053 [info] - end reading data from json: ../config/config.json
0000005 | 2018-12-21, 20:17:28.615290 [info] - setup datetime and calendar using boost...
0000006 | 2018-12-21, 20:17:28.615347 [info] - set boost::locale::time_zone::global("GMT+5:30")
0000007 | 2018-12-21, 20:17:28.615426 [info] - set std::locale loc = gen("en-US.UTF-8");
0000008 | 2018-12-21, 20:17:28.886624 [info] - setup HTTP_Client using pistache...
0000009 | 2018-12-21, 20:17:28.886788 [info] - setup REST_Server using pistache...
0000001 | 2018-12-22, 10:39:41.183413 [info] - setup logfile using boost...
0000002 | 2018-12-22, 10:39:41.184270 [info] - setup database connection_string using pqxx...
0000003 | 2018-12-22, 10:39:41.184395 [info] - start reading data from json: ../config/config.json
0000004 | 2018-12-22, 10:39:41.243016 [info] - end reading data from json: ../config/config.json
0000005 | 2018-12-22, 10:39:41.243279 [info] - setup datetime and calendar using boost...
0000006 | 2018-12-22, 10:39:41.243370 [info] - set std::locale loc = gen("en-US.UTF-8");
0000007 | 2018-12-22, 10:39:41.472748 [info] - setup HTTP_Client using pistache...
0000008 | 2018-12-22, 10:39:41.472858 [info] - setup REST_Server using pistache...
0000009 | 2018-12-22, 10:39:41.524653 [error] - Address already in use
0000001 | 2018-12-22, 11:42:11.753884 [info] - setup logfile using boost...
0000002 | 2018-12-22, 11:42:11.754479 [info] - setup database connection_string using pqxx...
0000003 | 2018-12-22, 11:42:11.754614 [info] - start reading data from json: ../config/config.json
0000004 | 2018-12-22, 11:42:11.770506 [info] - end reading data from json: ../config/config.json
0000005 | 2018-12-22, 11:42:11.770770 [info] - setup datetime and calendar using boost...
0000006 | 2018-12-22, 11:42:11.770859 [info] - set std::locale loc = gen("en-US.UTF-8");
0000007 | 2018-12-22, 11:42:11.776456 [info] - setup HTTP_Client using pistache...
0000008 | 2018-12-22, 11:42:11.776583 [info] - setup REST_Server using pistache...
0000001 | 2018-12-22, 23:56:36.413097 [info] - setup logfile using boost...
0000002 | 2018-12-22, 23:56:36.501481 [info] - setup database connection_string using pqxx...
0000003 | 2018-12-22, 23:56:36.501750 [info] - start reading data from json: ../config/config.json
0000004 | 2018-12-22, 23:56:36.533559 [info] - end reading data from json: ../config/config.json
0000005 | 2018-12-22, 23:56:36.533850 [info] - setup datetime and calendar using boost...
0000006 | 2018-12-22, 23:56:36.533938 [info] - set std::locale loc = gen("en-US.UTF-8");
0000007 | 2018-12-22, 23:56:36.882059 [info] - setup HTTP_Client using pistache...
0000008 | 2018-12-22, 23:56:36.882177 [info] - setup REST_Server using pistache...
0000001 | 2018-12-23, 00:03:46.654926 [info] - setup logfile using boost...
0000002 | 2018-12-23, 00:03:46.655540 [info] - setup database connection_string using pqxx...
0000003 | 2018-12-23, 00:03:46.655568 [info] - start reading data from json: ../config/config.json
0000004 | 2018-12-23, 00:03:46.674180 [info] - end reading data from json: ../config/config.json
0000005 | 2018-12-23, 00:03:46.674252 [info] - setup datetime and calendar using boost...
0000006 | 2018-12-23, 00:03:46.674278 [info] - set std::locale loc = gen("en-US.UTF-8");
0000007 | 2018-12-23, 00:03:46.872210 [info] - setup HTTP_Client using pistache...
0000008 | 2018-12-23, 00:03:46.872330 [info] - setup REST_Server using pistache...
0000001 | 2018-12-23, 00:04:44.727963 [info] - setup logfile using boost...
0000002 | 2018-12-23, 00:04:44.728092 [info] - setup database connection_string using pqxx...
0000003 | 2018-12-23, 00:04:44.728121 [info] - start reading data from json: ../config/config.json
0000004 | 2018-12-23, 00:04:44.728379 [info] - end reading data from json: ../config/config.json
0000005 | 2018-12-23, 00:04:44.728431 [info] - setup datetime and calendar using boost...
0000006 | 2018-12-23, 00:04:44.728454 [info] - set std::locale loc = gen("en-US.UTF-8");
0000007 | 2018-12-23, 00:04:44.729771 [info] - setup HTTP_Client using pistache...
0000008 | 2018-12-23, 00:04:44.729799 [info] - setup REST_Server using pistache...
0000001 | 2018-12-23, 00:09:09.356747 [info] - setup logfile using boost...
0000002 | 2018-12-23, 00:09:09.357841 [info] - setup database connection_string using pqxx...
0000003 | 2018-12-23, 00:09:09.357980 [info] - start reading data from json: ../config/config.json
0000004 | 2018-12-23, 00:09:09.375997 [info] - end reading data from json: ../config/config.json
0000005 | 2018-12-23, 00:09:09.376235 [info] - setup datetime and calendar using boost...
0000006 | 2018-12-23, 00:09:09.376321 [info] - set std::locale loc = gen("en-US.UTF-8");
0000007 | 2018-12-23, 00:09:09.726158 [info] - setup HTTP_Client using pistache...
0000008 | 2018-12-23, 00:09:09.726225 [info] - setup REST_Server using pistache...
0000001 | 2018-12-23, 00:09:48.237052 [info] - setup logfile using boost...
0000002 | 2018-12-23, 00:09:48.237201 [info] - setup database connection_string using pqxx...
0000003 | 2018-12-23, 00:09:48.237232 [info] - start reading data from json: ../config/config.json
0000004 | 2018-12-23, 00:09:48.237525 [info] - end reading data from json: ../config/config.json
0000005 | 2018-12-23, 00:09:48.237602 [info] - setup datetime and calendar using boost...
0000006 | 2018-12-23, 00:09:48.237632 [info] - set std::locale loc = gen("en-US.UTF-8");
0000007 | 2018-12-23, 00:09:48.239017 [info] - setup HTTP_Client using pistache...
0000008 | 2018-12-23, 00:09:48.239047 [info] - setup REST_Server using pistache...
0000001 | 2018-12-23, 00:10:17.670036 [info] - setup logfile using boost...
0000002 | 2018-12-23, 00:10:17.670269 [info] - setup database connection_string using pqxx...
0000003 | 2018-12-23, 00:10:17.670307 [info] - start reading data from json: ../config/config.json
0000004 | 2018-12-23, 00:10:17.670601 [info] - end reading data from json: ../config/config.json
0000005 | 2018-12-23, 00:10:17.670656 [info] - setup datetime and calendar using boost...
0000006 | 2018-12-23, 00:10:17.670681 [info] - set std::locale loc = gen("en-US.UTF-8");
0000007 | 2018-12-23, 00:10:17.671909 [info] - setup HTTP_Client using pistache...
0000008 | 2018-12-23, 00:10:17.671935 [info] - setup REST_Server using pistache...
0000001 | 2018-12-23, 00:17:32.314339 [info] - setup logfile using boost...
0000002 | 2018-12-23, 00:17:32.355784 [info] - setup database connection_string using pqxx...
0000003 | 2018-12-23, 00:17:32.355982 [info] - start reading data from json: ../config/config.json
0000004 | 2018-12-23, 00:17:32.402429 [info] - end reading data from json: ../config/config.json
0000005 | 2018-12-23, 00:17:32.402664 [info] - setup datetime and calendar using boost...
0000006 | 2018-12-23, 00:17:32.402747 [info] - set std::locale loc = gen("en-US.UTF-8");
0000007 | 2018-12-23, 00:17:32.688054 [info] - setup HTTP_Client using pistache...
0000008 | 2018-12-23, 00:17:32.688220 [info] - setup REST_Server using pistache...
0000001 | 2018-12-23, 00:20:35.354737 [info] - setup logfile using boost...
0000002 | 2018-12-23, 00:20:35.355732 [info] - setup database connection_string using pqxx...
0000003 | 2018-12-23, 00:20:35.355837 [info] - start reading data from json: ../config/config.json
0000004 | 2018-12-23, 00:20:35.373117 [info] - end reading data from json: ../config/config.json
0000005 | 2018-12-23, 00:20:35.373361 [info] - setup datetime and calendar using boost...
0000006 | 2018-12-23, 00:20:35.373445 [info] - set std::locale loc = gen("en-US.UTF-8");
0000007 | 2018-12-23, 00:20:35.681438 [info] - setup HTTP_Client using pistache...
0000008 | 2018-12-23, 00:20:35.681556 [info] - setup REST_Server using pistache...
0000001 | 2018-12-23, 00:53:37.970990 [info] - setup logfile using boost...
0000002 | 2018-12-23, 00:53:37.971432 [info] - setup database connection_string using pqxx...
0000003 | 2018-12-23, 00:53:37.971529 [info] - start reading data from json: ../config/config.json
0000004 | 2018-12-23, 00:53:37.972469 [info] - end reading data from json: ../config/config.json
0000005 | 2018-12-23, 00:53:37.972655 [info] - setup datetime and calendar using boost...
0000006 | 2018-12-23, 00:53:37.972757 [info] - set std::locale loc = gen("en-US.UTF-8");
0000007 | 2018-12-23, 00:53:37.989195 [info] - setup HTTP_Client using pistache...
0000008 | 2018-12-23, 00:53:37.989314 [info] - setup REST_Server using pistache...
0000001 | 2018-12-23, 00:54:06.469008 [info] - setup logfile using boost...
0000002 | 2018-12-23, 00:54:06.469100 [info] - setup database connection_string using pqxx...
0000003 | 2018-12-23, 00:54:06.469121 [info] - start reading data from json: ../config/config.json
0000004 | 2018-12-23, 00:54:06.469317 [info] - end reading data from json: ../config/config.json
0000005 | 2018-12-23, 00:54:06.469356 [info] - setup datetime and calendar using boost...
0000006 | 2018-12-23, 00:54:06.469373 [info] - set std::locale loc = gen("en-US.UTF-8");
0000007 | 2018-12-23, 00:54:06.470352 [info] - setup HTTP_Client using pistache...
0000008 | 2018-12-23, 00:54:06.470373 [info] - setup REST_Server using pistache...
0000001 | 2018-12-23, 00:54:47.843430 [info] - setup logfile using boost...
0000002 | 2018-12-23, 00:54:47.843786 [info] - setup database connection_string using pqxx...
0000003 | 2018-12-23, 00:54:47.843877 [info] - start reading data from json: ../config/config.json
0000004 | 2018-12-23, 00:54:47.844738 [info] - end reading data from json: ../config/config.json
0000005 | 2018-12-23, 00:54:47.844913 [info] - setup datetime and calendar using boost...
0000006 | 2018-12-23, 00:54:47.845000 [info] - set std::locale loc = gen("en-US.UTF-8");
0000007 | 2018-12-23, 00:54:47.848947 [info] - setup HTTP_Client using pistache...
0000008 | 2018-12-23, 00:54:47.849036 [info] - setup REST_Server using pistache...
0000001 | 2018-12-23, 00:55:57.781030 [info] - setup logfile using boost...
0000002 | 2018-12-23, 00:55:57.781209 [info] - setup database connection_string using pqxx...
0000003 | 2018-12-23, 00:55:57.781244 [info] - start reading data from json: ../config/config.json
0000004 | 2018-12-23, 00:55:57.781540 [info] - end reading data from json: ../config/config.json
0000005 | 2018-12-23, 00:55:57.781632 [info] - setup datetime and calendar using boost...
0000006 | 2018-12-23, 00:55:57.781662 [info] - set std::locale loc = gen("en-US.UTF-8");
0000007 | 2018-12-23, 00:55:57.783065 [info] - setup HTTP_Client using pistache...
0000008 | 2018-12-23, 00:55:57.783097 [info] - setup REST_Server using pistache...
0000001 | 2018-12-23, 01:02:04.567390 [info] - setup logfile using boost...
0000002 | 2018-12-23, 01:02:04.567505 [info] - setup database connection_string using pqxx...
0000003 | 2018-12-23, 01:02:04.567540 [info] - start reading data from json: ../config/config.json
0000004 | 2018-12-23, 01:02:04.567816 [info] - end reading data from json: ../config/config.json
0000005 | 2018-12-23, 01:02:04.567863 [info] - setup datetime and calendar using boost...
0000006 | 2018-12-23, 01:02:04.567884 [info] - set std::locale loc = gen("en-US.UTF-8");
0000007 | 2018-12-23, 01:02:04.569037 [info] - setup HTTP_Client using pistache...
0000008 | 2018-12-23, 01:02:04.569069 [info] - setup REST_Server using pistache...
0000001 | 2018-12-23, 01:11:15.022411 [info] - setup logfile using boost...
0000002 | 2018-12-23, 01:11:15.022555 [info] - setup database connection_string using pqxx...
0000003 | 2018-12-23, 01:11:15.022587 [info] - start reading data from json: ../config/config.json
0000004 | 2018-12-23, 01:11:15.022903 [info] - end reading data from json: ../config/config.json
0000005 | 2018-12-23, 01:11:15.022966 [info] - setup datetime and calendar using boost...
0000006 | 2018-12-23, 01:11:15.022991 [info] - set std::locale loc = gen("en-US.UTF-8");
0000007 | 2018-12-23, 01:11:15.024482 [info] - setup HTTP_Client using pistache...
0000008 | 2018-12-23, 01:11:15.024515 [info] - setup REST_Server using pistache...
0000001 | 2018-12-23, 01:11:37.262742 [info] - setup logfile using boost...
0000002 | 2018-12-23, 01:11:37.262890 [info] - setup database connection_string using pqxx...
0000003 | 2018-12-23, 01:11:37.262920 [info] - start reading data from json: ../config/config.json
0000004 | 2018-12-23, 01:11:37.263185 [info] - end reading data from json: ../config/config.json
0000005 | 2018-12-23, 01:11:37.263247 [info] - setup datetime and calendar using boost...
0000006 | 2018-12-23, 01:11:37.263281 [info] - set std::locale loc = gen("en-US.UTF-8");
0000007 | 2018-12-23, 01:11:37.264680 [info] - setup HTTP_Client using pistache...
0000008 | 2018-12-23, 01:11:37.264711 [info] - setup REST_Server using pistache...
0000001 | 2018-12-23, 01:32:36.644087 [info] - setup logfile using boost...
0000002 | 2018-12-23, 01:32:36.644466 [info] - setup database connection_string using pqxx...
0000003 | 2018-12-23, 01:32:36.644554 [info] - start reading data from json: ../config/config.json
0000004 | 2018-12-23, 01:32:36.645419 [info] - end reading data from json: ../config/config.json
0000005 | 2018-12-23, 01:32:36.645655 [info] - setup datetime and calendar using boost...
0000006 | 2018-12-23, 01:32:36.645746 [info] - set std::locale loc = gen("en-US.UTF-8");
0000007 | 2018-12-23, 01:32:36.649664 [info] - setup HTTP_Client using pistache...
0000008 | 2018-12-23, 01:32:36.649752 [info] - setup REST_Server using pistache...
0000001 | 2018-12-23, 01:38:44.348395 [info] - setup logfile using boost...
0000002 | 2018-12-23, 01:38:44.348499 [info] - setup database connection_string using pqxx...
0000003 | 2018-12-23, 01:38:44.348522 [info] - start reading data from json: ../config/config.json
0000004 | 2018-12-23, 01:38:44.348734 [info] - end reading data from json: ../config/config.json
0000005 | 2018-12-23, 01:38:44.348776 [info] - setup datetime and calendar using boost...
0000006 | 2018-12-23, 01:38:44.348794 [info] - set std::locale loc = gen("en-US.UTF-8");
0000007 | 2018-12-23, 01:38:44.349795 [info] - setup HTTP_Client using pistache...
0000008 | 2018-12-23, 01:38:44.349816 [info] - setup REST_Server using pistache...
0000001 | 2018-12-23, 12:40:20.057114 [info] - setup logfile using boost...
0000002 | 2018-12-23, 12:40:20.058138 [info] - setup database connection_string using pqxx...
0000003 | 2018-12-23, 12:40:20.058263 [info] - start reading data from json: ../config/config.json
0000004 | 2018-12-23, 12:40:20.087761 [info] - end reading data from json: ../config/config.json
0000005 | 2018-12-23, 12:40:20.087994 [info] - setup datetime and calendar using boost...
0000006 | 2018-12-23, 12:40:20.088080 [info] - set std::locale loc = gen("en-US.UTF-8");
0000007 | 2018-12-23, 12:40:20.317467 [info] - setup HTTP_Client using pistache...
0000008 | 2018-12-23, 12:40:20.317586 [info] - setup REST_Server using pistache...
0000001 | 2018-12-23, 14:19:33.671061 [info] - setup logfile using boost...
0000002 | 2018-12-23, 14:19:33.672109 [info] - setup database connection_string using pqxx...
0000003 | 2018-12-23, 14:19:33.672258 [info] - start reading data from json: ../config/config.json
0000004 | 2018-12-23, 14:19:33.690551 [info] - end reading data from json: ../config/config.json
0000005 | 2018-12-23, 14:19:33.690781 [info] - setup datetime and calendar using boost...
0000006 | 2018-12-23, 14:19:33.690862 [info] - set std::locale loc = gen("en-US.UTF-8");
0000007 | 2018-12-23, 14:19:33.931015 [info] - setup HTTP_Client using pistache...
0000008 | 2018-12-23, 14:19:33.931138 [info] - setup REST_Server using pistache...
0000001 | 2018-12-23, 16:58:06.034053 [info] - setup logfile using boost...
0000002 | 2018-12-23, 16:58:06.035068 [info] - setup database connection_string using pqxx...
0000003 | 2018-12-23, 16:58:06.035179 [info] - start reading data from json: ../config/config.json
0000004 | 2018-12-23, 16:58:06.053625 [info] - end reading data from json: ../config/config.json
0000005 | 2018-12-23, 16:58:06.053935 [info] - setup datetime and calendar using boost...
0000006 | 2018-12-23, 16:58:06.054050 [info] - set std::locale loc = gen("en-US.UTF-8");
0000007 | 2018-12-23, 16:58:06.237636 [info] - setup HTTP_Client using pistache...
0000008 | 2018-12-23, 16:58:06.237765 [info] - setup REST_Server using pistache...
0000001 | 2018-12-23, 21:33:39.306162 [info] - setup logfile using boost...
0000002 | 2018-12-23, 21:33:39.307127 [info] - setup database connection_string using pqxx...
0000003 | 2018-12-23, 21:33:39.307264 [info] - start reading data from json: ../config/config.json
0000004 | 2018-12-23, 21:33:39.325503 [info] - end reading data from json: ../config/config.json
0000005 | 2018-12-23, 21:33:39.325802 [info] - setup datetime and calendar using boost...
0000006 | 2018-12-23, 21:33:39.326009 [info] - set std::locale loc = gen("en-US.UTF-8");
0000007 | 2018-12-23, 21:33:39.567382 [info] - setup HTTP_Client using pistache...
0000008 | 2018-12-23, 21:33:39.567503 [info] - setup REST_Server using pistache...
0000001 | 2018-12-23, 21:49:52.961756 [info] - setup logfile using boost...
0000002 | 2018-12-23, 21:49:52.962049 [info] - setup database connection_string using pqxx...
0000003 | 2018-12-23, 21:49:52.962087 [info] - start reading data from json: ../config/config.json
0000004 | 2018-12-23, 21:49:52.962400 [info] - end reading data from json: ../config/config.json
0000005 | 2018-12-23, 21:49:52.962462 [info] - setup datetime and calendar using boost...
0000006 | 2018-12-23, 21:49:52.962490 [info] - set std::locale loc = gen("en-US.UTF-8");
0000007 | 2018-12-23, 21:49:52.964229 [info] - setup HTTP_Client using pistache...
0000008 | 2018-12-23, 21:49:52.964272 [info] - setup REST_Server using pistache...
0000001 | 2018-12-23, 21:54:00.068311 [info] - setup logfile using boost...
0000002 | 2018-12-23, 21:54:00.068422 [info] - setup database connection_string using pqxx...
0000003 | 2018-12-23, 21:54:00.068443 [info] - start reading data from json: ../config/config.json
0000004 | 2018-12-23, 21:54:00.068637 [info] - end reading data from json: ../config/config.json
0000005 | 2018-12-23, 21:54:00.068675 [info] - setup datetime and calendar using boost...
0000006 | 2018-12-23, 21:54:00.068691 [info] - set std::locale loc = gen("en-US.UTF-8");
0000007 | 2018-12-23, 21:54:00.069645 [info] - setup HTTP_Client using pistache...
0000008 | 2018-12-23, 21:54:00.069675 [info] - setup REST_Server using pistache...
0000001 | 2018-12-23, 22:09:41.360814 [info] - setup logfile using boost...
0000002 | 2018-12-23, 22:09:41.361042 [info] - setup database connection_string using pqxx...
0000003 | 2018-12-23, 22:09:41.361082 [info] - start reading data from json: ../config/config.json
0000004 | 2018-12-23, 22:09:41.361482 [info] - end reading data from json: ../config/config.json
0000005 | 2018-12-23, 22:09:41.361557 [info] - setup datetime and calendar using boost...
0000006 | 2018-12-23, 22:09:41.361592 [info] - set std::locale loc = gen("en-US.UTF-8");
0000007 | 2018-12-23, 22:09:41.363631 [info] - setup HTTP_Client using pistache...
0000008 | 2018-12-23, 22:09:41.363675 [info] - setup REST_Server using pistache...
0000009 | 2018-12-23, 22:09:41.907678 [info] - Opened database successfully: angrudb
0000010 | 2018-12-23, 22:09:41.907982 [info] - Connected to database: angrudb
0000011 | 2018-12-23, 22:09:42.455306 [info] - start writing data in csv: report/products.csv
0000012 | 2018-12-23, 22:09:42.457127 [info] - end writing data in csv: report/products.csv
0000001 | 2018-12-23, 22:09:45.680032 [info] - setup logfile using boost...
0000002 | 2018-12-23, 22:09:45.680206 [info] - setup database connection_string using pqxx...
0000003 | 2018-12-23, 22:09:45.680246 [info] - start reading data from json: ../config/config.json
0000004 | 2018-12-23, 22:09:45.680675 [info] - end reading data from json: ../config/config.json
0000005 | 2018-12-23, 22:09:45.680766 [info] - setup datetime and calendar using boost...
0000006 | 2018-12-23, 22:09:45.680801 [info] - set std::locale loc = gen("en-US.UTF-8");
0000007 | 2018-12-23, 22:09:45.682431 [info] - setup HTTP_Client using pistache...
0000008 | 2018-12-23, 22:09:45.682467 [info] - setup REST_Server using pistache...
0000009 | 2018-12-23, 22:09:45.691112 [info] - Opened database successfully: angrudb
0000010 | 2018-12-23, 22:09:45.691225 [info] - Connected to database: angrudb
0000011 | 2018-12-23, 22:09:45.700423 [info] - start writing data in csv: report/products.csv
0000012 | 2018-12-23, 22:09:45.701673 [info] - end writing data in csv: report/products.csv
0000001 | 2018-12-23, 22:11:15.169417 [info] - setup logfile using boost...
0000002 | 2018-12-23, 22:11:15.169595 [info] - setup database connection_string using pqxx...
0000003 | 2018-12-23, 22:11:15.169642 [info] - start reading data from json: ../config/config.json
0000004 | 2018-12-23, 22:11:15.170027 [info] - end reading data from json: ../config/config.json
0000005 | 2018-12-23, 22:11:15.170113 [info] - setup datetime and calendar using boost...
0000006 | 2018-12-23, 22:11:15.170140 [info] - set std::locale loc = gen("en-US.UTF-8");
0000007 | 2018-12-23, 22:11:15.171653 [info] - setup HTTP_Client using pistache...
0000008 | 2018-12-23, 22:11:15.171695 [info] - setup REST_Server using pistache...
0000009 | 2018-12-23, 22:11:15.183677 [info] - Opened database successfully: angrudb
0000010 | 2018-12-23, 22:11:15.183993 [info] - Connected to database: angrudb
0000011 | 2018-12-23, 22:11:15.194595 [info] - start writing data in csv: report/products.csv
0000012 | 2018-12-23, 22:11:15.195776 [info] - end writing data in csv: report/products.csv
0000001 | 2018-12-23, 22:16:30.860734 [info] - setup logfile using boost...
0000002 | 2018-12-23, 22:16:30.860872 [info] - setup database connection_string using pqxx...
0000003 | 2018-12-23, 22:16:30.860903 [info] - start reading data from json: ../config/config.json
0000004 | 2018-12-23, 22:16:30.861206 [info] - end reading data from json: ../config/config.json
0000005 | 2018-12-23, 22:16:30.861267 [info] - setup datetime and calendar using boost...
0000006 | 2018-12-23, 22:16:30.861301 [info] - set std::locale loc = gen("en-US.UTF-8");
0000007 | 2018-12-23, 22:16:30.862929 [info] - setup HTTP_Client using pistache...
0000008 | 2018-12-23, 22:16:30.862967 [info] - setup REST_Server using pistache...
0000009 | 2018-12-23, 22:16:30.874928 [info] - Opened database successfully: angrudb
0000010 | 2018-12-23, 22:16:30.875096 [info] - Connected to database: angrudb
0000011 | 2018-12-23, 22:16:31.036755 [info] - start writing data in csv: report/products.csv
0000012 | 2018-12-23, 22:16:32.587837 [info] - end writing data in csv: report/products.csv
0000001 | 2018-12-23, 22:18:57.436856 [info] - setup logfile using boost...
0000002 | 2018-12-23, 22:18:57.436990 [info] - setup database connection_string using pqxx...
0000003 | 2018-12-23, 22:18:57.437020 [info] - start reading data from json: ../config/config.json
0000004 | 2018-12-23, 22:18:57.437285 [info] - end reading data from json: ../config/config.json
0000005 | 2018-12-23, 22:18:57.437343 [info] - setup datetime and calendar using boost...
0000006 | 2018-12-23, 22:18:57.437369 [info] - set std::locale loc = gen("en-US.UTF-8");
0000007 | 2018-12-23, 22:18:57.438647 [info] - setup HTTP_Client using pistache...
0000008 | 2018-12-23, 22:18:57.438676 [info] - setup REST_Server using pistache...
0000009 | 2018-12-23, 22:18:57.447100 [info] - Opened database successfully: angrudb
0000010 | 2018-12-23, 22:18:57.447241 [info] - Connected to database: angrudb
0000011 | 2018-12-23, 22:18:57.597373 [info] - start writing data in csv: report/products.csv
0000012 | 2018-12-23, 22:18:59.209623 [info] - end writing data in csv: report/products.csv
0000013 | 2018-12-23, 22:18:59.214880 [info] - Opened database successfully: angrudb
0000014 | 2018-12-23, 22:18:59.215046 [info] - Connected to database: angrudb
0000015 | 2018-12-23, 22:18:59.446360 [info] - start writing data in csv: report/products.csv
0000016 | 2018-12-23, 22:19:01.107225 [info] - end writing data in csv: report/products.csv
0000001 | 2018-12-23, 22:19:07.212056 [info] - setup logfile using boost...
0000002 | 2018-12-23, 22:19:07.212148 [info] - setup database connection_string using pqxx...
0000003 | 2018-12-23, 22:19:07.212169 [info] - start reading data from json: ../config/config.json
0000004 | 2018-12-23, 22:19:07.212363 [info] - end reading data from json: ../config/config.json
0000005 | 2018-12-23, 22:19:07.212406 [info] - setup datetime and calendar using boost...
0000006 | 2018-12-23, 22:19:07.212423 [info] - set std::locale loc = gen("en-US.UTF-8");
0000007 | 2018-12-23, 22:19:07.213370 [info] - setup HTTP_Client using pistache...
0000008 | 2018-12-23, 22:19:07.213390 [info] - setup REST_Server using pistache...
0000009 | 2018-12-23, 22:19:07.222884 [info] - Opened database successfully: angrudb
0000010 | 2018-12-23, 22:19:07.223127 [info] - Connected to database: angrudb
0000011 | 2018-12-23, 22:19:07.442305 [info] - start writing data in csv: report/products.csv
0000012 | 2018-12-23, 22:19:08.940335 [info] - end writing data in csv: report/products.csv
0000013 | 2018-12-23, 22:19:08.945397 [info] - Opened database successfully: angrudb
0000014 | 2018-12-23, 22:19:08.945536 [info] - Connected to database: angrudb
0000015 | 2018-12-23, 22:19:09.122998 [info] - start writing data in csv: report/products.csv
0000016 | 2018-12-23, 22:19:10.718836 [info] - end writing data in csv: report/products.csv
0000001 | 2018-12-23, 22:19:13.109293 [info] - setup logfile using boost...
0000002 | 2018-12-23, 22:19:13.109383 [info] - setup database connection_string using pqxx...
0000003 | 2018-12-23, 22:19:13.109404 [info] - start reading data from json: ../config/config.json
0000004 | 2018-12-23, 22:19:13.109598 [info] - end reading data from json: ../config/config.json
0000005 | 2018-12-23, 22:19:13.109637 [info] - setup datetime and calendar using boost...
0000006 | 2018-12-23, 22:19:13.109656 [info] - set std::locale loc = gen("en-US.UTF-8");
0000007 | 2018-12-23, 22:19:13.110815 [info] - setup HTTP_Client using pistache...
0000008 | 2018-12-23, 22:19:13.110853 [info] - setup REST_Server using pistache...
0000009 | 2018-12-23, 22:19:13.121919 [info] - Opened database successfully: angrudb
0000010 | 2018-12-23, 22:19:13.122058 [info] - Connected to database: angrudb
0000011 | 2018-12-23, 22:19:13.275318 [info] - start writing data in csv: report/products.csv
0000012 | 2018-12-23, 22:19:14.840004 [info] - end writing data in csv: report/products.csv
0000013 | 2018-12-23, 22:19:14.847865 [info] - Opened database successfully: angrudb
0000014 | 2018-12-23, 22:19:14.848026 [info] - Connected to database: angrudb
0000015 | 2018-12-23, 22:19:15.033196 [info] - start writing data in csv: report/products.csv
0000016 | 2018-12-23, 22:19:16.564012 [info] - end writing data in csv: report/products.csv
0000001 | 2018-12-23, 22:20:52.975319 [info] - setup logfile using boost...
0000002 | 2018-12-23, 22:20:52.976233 [info] - setup database connection_string using pqxx...
0000003 | 2018-12-23, 22:20:52.976368 [info] - start reading data from json: ../config/config.json
0000004 | 2018-12-23, 22:20:52.995896 [info] - end reading data from json: ../config/config.json
0000005 | 2018-12-23, 22:20:52.996414 [info] - setup datetime and calendar using boost...
0000006 | 2018-12-23, 22:20:52.996704 [info] - set std::locale loc = gen("en-US.UTF-8");
0000007 | 2018-12-23, 22:20:53.269023 [info] - setup HTTP_Client using pistache...
0000008 | 2018-12-23, 22:20:53.269141 [info] - setup REST_Server using pistache...
0000009 | 2018-12-23, 22:20:53.394537 [info] - Opened database successfully: angrudb
0000010 | 2018-12-23, 22:20:53.394979 [info] - Connected to database: angrudb
0000011 | 2018-12-23, 22:20:53.583285 [info] - start writing data in csv: report/products.csv
0000012 | 2018-12-23, 22:20:55.173743 [info] - end writing data in csv: report/products.csv
0000013 | 2018-12-23, 22:20:55.178855 [info] - Opened database successfully: angrudb
0000014 | 2018-12-23, 22:20:55.178975 [info] - Connected to database: angrudb
0000015 | 2018-12-23, 22:20:55.358621 [info] - start writing data in csv: report/products.csv
0000016 | 2018-12-23, 22:20:56.946811 [info] - end writing data in csv: report/products.csv
0000001 | 2018-12-23, 22:21:55.181563 [info] - setup logfile using boost...
0000002 | 2018-12-23, 22:21:55.181663 [info] - setup database connection_string using pqxx...
0000003 | 2018-12-23, 22:21:55.181685 [info] - start reading data from json: ../config/config.json
0000004 | 2018-12-23, 22:21:55.181925 [info] - end reading data from json: ../config/config.json
0000005 | 2018-12-23, 22:21:55.181982 [info] - setup datetime and calendar using boost...
0000006 | 2018-12-23, 22:21:55.182011 [info] - set std::locale loc = gen("en-US.UTF-8");
0000007 | 2018-12-23, 22:21:55.185983 [info] - setup HTTP_Client using pistache...
0000008 | 2018-12-23, 22:21:55.186181 [info] - setup REST_Server using pistache...
0000009 | 2018-12-23, 22:21:55.195575 [info] - Opened database successfully: angrudb
0000010 | 2018-12-23, 22:21:55.195701 [info] - Connected to database: angrudb
0000011 | 2018-12-23, 22:21:55.349691 [info] - start writing data in csv: report/products.csv
0000012 | 2018-12-23, 22:21:57.003961 [info] - end writing data in csv: report/products.csv
0000013 | 2018-12-23, 22:21:57.009156 [info] - Opened database successfully: angrudb
0000014 | 2018-12-23, 22:21:57.009298 [info] - Connected to database: angrudb
0000015 | 2018-12-23, 22:21:57.165668 [info] - start writing data in csv: report/products.csv
0000016 | 2018-12-23, 22:21:58.684301 [info] - end writing data in csv: report/products.csv
0000001 | 2018-12-23, 22:23:51.134970 [info] - setup logfile using boost...
0000002 | 2018-12-23, 22:23:51.135327 [info] - setup database connection_string using pqxx...
0000003 | 2018-12-23, 22:23:51.135414 [info] - start reading data from json: ../config/config.json
0000004 | 2018-12-23, 22:23:51.136281 [info] - end reading data from json: ../config/config.json
0000005 | 2018-12-23, 22:23:51.136456 [info] - setup datetime and calendar using boost...
0000006 | 2018-12-23, 22:23:51.136526 [info] - set std::locale loc = gen("en-US.UTF-8");
0000007 | 2018-12-23, 22:23:51.140600 [info] - setup HTTP_Client using pistache...
0000008 | 2018-12-23, 22:23:51.140693 [info] - setup REST_Server using pistache...
0000009 | 2018-12-23, 22:23:51.194483 [info] - Opened database successfully: angrudb
0000010 | 2018-12-23, 22:23:51.194711 [info] - Connected to database: angrudb
0000011 | 2018-12-23, 22:23:51.334401 [info] - start writing data in csv: report/products.csv
0000012 | 2018-12-23, 22:23:52.931800 [info] - end writing data in csv: report/products.csv
0000013 | 2018-12-23, 22:23:52.937500 [info] - Opened database successfully: angrudb
0000014 | 2018-12-23, 22:23:52.937638 [info] - Connected to database: angrudb
0000015 | 2018-12-23, 22:23:53.088965 [info] - start writing data in csv: report/products.csv
0000016 | 2018-12-23, 22:23:54.726003 [info] - end writing data in csv: report/products.csv
0000001 | 2018-12-23, 23:42:41.538704 [info] - setup logfile using boost...
0000002 | 2018-12-23, 23:42:41.539758 [info] - setup database connection_string using pqxx...
0000003 | 2018-12-23, 23:42:41.539869 [info] - start reading data from json: ../config/config.json
0000004 | 2018-12-23, 23:42:41.558042 [info] - end reading data from json: ../config/config.json
0000005 | 2018-12-23, 23:42:41.558289 [info] - setup datetime and calendar using boost...
0000006 | 2018-12-23, 23:42:41.558400 [info] - set std::locale loc = gen("en-US.UTF-8");
0000007 | 2018-12-23, 23:42:41.798893 [info] - setup HTTP_Client using pistache...
0000008 | 2018-12-23, 23:42:41.799060 [info] - setup REST_Server using pistache...
0000001 | 2018-12-23, 23:43:27.648381 [info] - setup logfile using boost...
0000002 | 2018-12-23, 23:43:27.649153 [info] - setup database connection_string using pqxx...
0000003 | 2018-12-23, 23:43:27.649201 [info] - start reading data from json: ../config/config.json
0000004 | 2018-12-23, 23:43:27.649489 [info] - end reading data from json: ../config/config.json
0000005 | 2018-12-23, 23:43:27.649544 [info] - setup datetime and calendar using boost...
0000006 | 2018-12-23, 23:43:27.649572 [info] - set std::locale loc = gen("en-US.UTF-8");
0000007 | 2018-12-23, 23:43:27.650992 [info] - setup HTTP_Client using pistache...
0000008 | 2018-12-23, 23:43:27.651023 [info] - setup REST_Server using pistache...
0000001 | 2018-12-23, 23:44:28.083851 [info] - setup logfile using boost...
0000002 | 2018-12-23, 23:44:28.084012 [info] - setup database connection_string using pqxx...
0000003 | 2018-12-23, 23:44:28.084050 [info] - start reading data from json: ../config/config.json
0000004 | 2018-12-23, 23:44:28.084414 [info] - end reading data from json: ../config/config.json
0000005 | 2018-12-23, 23:44:28.084486 [info] - setup datetime and calendar using boost...
0000006 | 2018-12-23, 23:44:28.084517 [info] - set std::locale loc = gen("en-US.UTF-8");
0000007 | 2018-12-23, 23:44:28.086149 [info] - setup HTTP_Client using pistache...
0000008 | 2018-12-23, 23:44:28.086179 [info] - setup REST_Server using pistache...
